{"numTotalTestSuites":15,"numPassedTestSuites":15,"numFailedTestSuites":0,"numPendingTestSuites":0,"numTotalTests":29,"numPassedTests":29,"numFailedTests":0,"numPendingTests":0,"numTodoTests":0,"snapshot":{"added":0,"failure":false,"filesAdded":0,"filesRemoved":0,"filesRemovedList":[],"filesUnmatched":0,"filesUpdated":0,"matched":0,"total":0,"unchecked":0,"uncheckedKeysByFile":[],"unmatched":0,"updated":0,"didUpdate":false},"startTime":1780695154174,"success":true,"testResults":[{"assertionResults":[{"ancestorTitles":["ANIM-BB-01: Play starts visible motion"],"fullName":"ANIM-BB-01: Play starts visible motion a played object is displaced from its resting pose","status":"passed","title":"a played object is displaced from its resting pose","duration":6.545799999999986,"failureMessages":[],"meta":{},"tags":[]},{"ancestorTitles":["ANIM-BB-02: Stop restores the exact pose"],"fullName":"ANIM-BB-02: Stop restores the exact pose display returns to the saved transform after stop","status":"passed","title":"display returns to the saved transform after stop","duration":1.522899999999936,"failureMessages":[],"meta":{},"tags":[]},{"ancestorTitles":["ANIM-BB-03: Selecting another object stops playback"],"fullName":"ANIM-BB-03: Selecting another object stops playback switching selection ends the current preview","status":"passed","title":"switching selection ends the current preview","duration":1.2912999999999784,"failureMessages":[],"meta":{},"tags":[]},{"ancestorTitles":["ANIM-BB-04: Entering Lesson Mode or switching sections stops playback"],"fullName":"ANIM-BB-04: Entering Lesson Mode or switching sections stops playback entering Lesson Mode stops the preview","status":"passed","title":"entering Lesson Mode stops the preview","duration":0.7758000000000038,"failureMessages":[],"meta":{},"tags":[]},{"ancestorTitles":["ANIM-BB-04: Entering Lesson Mode or switching sections stops playback"],"fullName":"ANIM-BB-04: Entering Lesson Mode or switching sections stops playback switching curriculum section stops the preview","status":"passed","title":"switching curriculum section stops the preview","duration":1.017500000000041,"failureMessages":[],"meta":{},"tags":[]},{"ancestorTitles":["ANIM-BB-05: Saving while playing matches saving while stopped"],"fullName":"ANIM-BB-05: Saving while playing matches saving while stopped the project payload is byte-identical during and after a preview","status":"passed","title":"the project payload is byte-identical during and after a preview","duration":1.6204000000000178,"failureMessages":[],"meta":{},"tags":[]},{"ancestorTitles":["ANIM-BB-06: Each motion type plays distinctly"],"fullName":"ANIM-BB-06: Each motion type plays distinctly motion \"rotate\" moves the expected transform channel","status":"passed","title":"motion \"rotate\" moves the expected transform channel","duration":0.8693000000000666,"failureMessages":[],"meta":{},"tags":[]},{"ancestorTitles":["ANIM-BB-06: Each motion type plays distinctly"],"fullName":"ANIM-BB-06: Each motion type plays distinctly motion \"pulse\" moves the expected transform channel","status":"passed","title":"motion \"pulse\" moves the expected transform channel","duration":0.6743000000000166,"failureMessages":[],"meta":{},"tags":[]},{"ancestorTitles":["ANIM-BB-06: Each motion type plays distinctly"],"fullName":"ANIM-BB-06: Each motion type plays distinctly motion \"slide\" moves the expected transform channel","status":"passed","title":"motion \"slide\" moves the expected transform channel","duration":1.092300000000023,"failureMessages":[],"meta":{},"tags":[]},{"ancestorTitles":["ANIM-BB-06: Each motion type plays distinctly"],"fullName":"ANIM-BB-06: Each motion type plays distinctly motion \"orbit\" moves the expected transform channel","status":"passed","title":"motion \"orbit\" moves the expected transform channel","duration":0.6748999999999796,"failureMessages":[],"meta":{},"tags":[]},{"ancestorTitles":["ANIM-BB-07: Undo while playing stops the preview"],"fullName":"ANIM-BB-07: Undo while playing stops the preview an undo ends playback before restoring history","status":"passed","title":"an undo ends playback before restoring history","duration":1.0878000000000156,"failureMessages":[],"meta":{},"tags":[]}],"startTime":1780695155154,"endTime":1780695155172.088,"status":"passed","message":"","name":"C:/Users/gomez/repos/THESIS/v.a.m.s/tests/black-box/animation-preview.test.ts"},{"assertionResults":[{"ancestorTitles":["ANIM-WB-01: every motion returns the exact baseline at phase zero"],"fullName":"ANIM-WB-01: every motion returns the exact baseline at phase zero motion \"rotate\" is identity at elapsed 0","status":"passed","title":"motion \"rotate\" is identity at elapsed 0","duration":2.929499999999962,"failureMessages":[],"meta":{},"tags":[]},{"ancestorTitles":["ANIM-WB-01: every motion returns the exact baseline at phase zero"],"fullName":"ANIM-WB-01: every motion returns the exact baseline at phase zero motion \"pulse\" is identity at elapsed 0","status":"passed","title":"motion \"pulse\" is identity at elapsed 0","duration":0.6345000000000027,"failureMessages":[],"meta":{},"tags":[]},{"ancestorTitles":["ANIM-WB-01: every motion returns the exact baseline at phase zero"],"fullName":"ANIM-WB-01: every motion returns the exact baseline at phase zero motion \"slide\" is identity at elapsed 0","status":"passed","title":"motion \"slide\" is identity at elapsed 0","duration":0.3183999999999969,"failureMessages":[],"meta":{},"tags":[]},{"ancestorTitles":["ANIM-WB-01: every motion returns the exact baseline at phase zero"],"fullName":"ANIM-WB-01: every motion returns the exact baseline at phase zero motion \"orbit\" is identity at elapsed 0","status":"passed","title":"motion \"orbit\" is identity at elapsed 0","duration":0.310799999999972,"failureMessages":[],"meta":{},"tags":[]},{"ancestorTitles":["ANIM-WB-02: cycle phase wraps into [0, 1)"],"fullName":"ANIM-WB-02: cycle phase wraps into [0, 1) phase is fractional and never reaches 1","status":"passed","title":"phase is fractional and never reaches 1","duration":0.7311000000000831,"failureMessages":[],"meta":{},"tags":[]},{"ancestorTitles":["ANIM-WB-03: a full cycle returns to the baseline pose"],"fullName":"ANIM-WB-03: a full cycle returns to the baseline pose motion \"rotate\" at one full cycle equals baseline","status":"passed","title":"motion \"rotate\" at one full cycle equals baseline","duration":0.4095999999999549,"failureMessages":[],"meta":{},"tags":[]},{"ancestorTitles":["ANIM-WB-03: a full cycle returns to the baseline pose"],"fullName":"ANIM-WB-03: a full cycle returns to the baseline pose motion \"pulse\" at one full cycle equals baseline","status":"passed","title":"motion \"pulse\" at one full cycle equals baseline","duration":0.34379999999998745,"failureMessages":[],"meta":{},"tags":[]},{"ancestorTitles":["ANIM-WB-03: a full cycle returns to the baseline pose"],"fullName":"ANIM-WB-03: a full cycle returns to the baseline pose motion \"slide\" at one full cycle equals baseline","status":"passed","title":"motion \"slide\" at one full cycle equals baseline","duration":0.23540000000002692,"failureMessages":[],"meta":{},"tags":[]},{"ancestorTitles":["ANIM-WB-03: a full cycle returns to the baseline pose"],"fullName":"ANIM-WB-03: a full cycle returns to the baseline pose motion \"orbit\" at one full cycle equals baseline","status":"passed","title":"motion \"orbit\" at one full cycle equals baseline","duration":0.5200999999999567,"failureMessages":[],"meta":{},"tags":[]},{"ancestorTitles":["ANIM-WB-04: baseline is captured from state and restored exactly on stop"],"fullName":"ANIM-WB-04: baseline is captured from state and restored exactly on stop snaps the display back to the saved transform, untouched store","status":"passed","title":"snaps the display back to the saved transform, untouched store","duration":3.3011999999999944,"failureMessages":[],"meta":{},"tags":[]},{"ancestorTitles":["ANIM-WB-05: the frame loop is cancelled on stop and on cleanup"],"fullName":"ANIM-WB-05: the frame loop is cancelled on stop and on cleanup stop() cancels the pending animation frame","status":"passed","title":"stop() cancels the pending animation frame","duration":1.1259999999999764,"failureMessages":[],"meta":{},"tags":[]},{"ancestorTitles":["ANIM-WB-05: the frame loop is cancelled on stop and on cleanup"],"fullName":"ANIM-WB-05: the frame loop is cancelled on stop and on cleanup cleanup() stops an active preview","status":"passed","title":"cleanup() stops an active preview","duration":0.689200000000028,"failureMessages":[],"meta":{},"tags":[]},{"ancestorTitles":["ANIM-WB-06: idle-callback generation is deterministic"],"fullName":"ANIM-WB-06: idle-callback generation is deterministic motion \"rotate\" yields identical output across calls","status":"passed","title":"motion \"rotate\" yields identical output across calls","duration":0.6014000000000124,"failureMessages":[],"meta":{},"tags":[]},{"ancestorTitles":["ANIM-WB-06: idle-callback generation is deterministic"],"fullName":"ANIM-WB-06: idle-callback generation is deterministic motion \"pulse\" yields identical output across calls","status":"passed","title":"motion \"pulse\" yields identical output across calls","duration":0.2658999999999878,"failureMessages":[],"meta":{},"tags":[]},{"ancestorTitles":["ANIM-WB-06: idle-callback generation is deterministic"],"fullName":"ANIM-WB-06: idle-callback generation is deterministic motion \"slide\" yields identical output across calls","status":"passed","title":"motion \"slide\" yields identical output across calls","duration":0.21699999999998454,"failureMessages":[],"meta":{},"tags":[]},{"ancestorTitles":["ANIM-WB-06: idle-callback generation is deterministic"],"fullName":"ANIM-WB-06: idle-callback generation is deterministic motion \"orbit\" yields identical output across calls","status":"passed","title":"motion \"orbit\" yields identical output across calls","duration":0.18430000000000746,"failureMessages":[],"meta":{},"tags":[]},{"ancestorTitles":["ANIM-WB-06: idle-callback generation is deterministic"],"fullName":"ANIM-WB-06: idle-callback generation is deterministic the highlighted line is a transform call on the object state struct","status":"passed","title":"the highlighted line is a transform call on the object state struct","duration":0.4456000000000131,"failureMessages":[],"meta":{},"tags":[]},{"ancestorTitles":["ANIM-WB-06: idle-callback generation is deterministic"],"fullName":"ANIM-WB-06: idle-callback generation is deterministic the per-frame step scales linearly with playback speed","status":"passed","title":"the per-frame step scales linearly with playback speed","duration":0.47519999999997253,"failureMessages":[],"meta":{},"tags":[]}],"startTime":1780695155153,"endTime":1780695155167.475,"status":"passed","message":"","name":"C:/Users/gomez/repos/THESIS/v.a.m.s/tests/white-box/animation-preview-internals.test.ts"}]}