{"numTotalTestSuites":163,"numPassedTestSuites":163,"numFailedTestSuites":0,"numPendingTestSuites":0,"numTotalTests":250,"numPassedTests":250,"numFailedTests":0,"numPendingTests":0,"numTodoTests":0,"snapshot":{"added":0,"failure":false,"filesAdded":0,"filesRemoved":0,"filesRemovedList":[],"filesUnmatched":0,"filesUpdated":0,"matched":0,"total":0,"unchecked":0,"uncheckedKeysByFile":[],"unmatched":0,"updated":0,"didUpdate":false},"startTime":1789090764426,"success":true,"testResults":[{"assertionResults":[{"ancestorTitles":["ALG-1-01: Single-node \"hierarchy\""],"fullName":"ALG-1-01: Single-node \"hierarchy\" matches the reference matrix and reports timing","status":"passed","title":"matches the reference matrix and reports timing","duration":8.340599999999995,"failureMessages":[],"meta":{},"tags":[]},{"ancestorTitles":["ALG-1-02: Two-level hierarchy"],"fullName":"ALG-1-02: Two-level hierarchy matches the reference matrix for a child of a translated/rotated group","status":"passed","title":"matches the reference matrix for a child of a translated/rotated group","duration":3.19380000000001,"failureMessages":[],"meta":{},"tags":[]},{"ancestorTitles":["ALG-1-03: Three-level hierarchy"],"fullName":"ALG-1-03: Three-level hierarchy matches the reference matrix for a doubly-nested child","status":"passed","title":"matches the reference matrix for a doubly-nested child","duration":3.4582000000000335,"failureMessages":[],"meta":{},"tags":[]},{"ancestorTitles":["ALG-1-04: Transform with non-zero rotation pivot"],"fullName":"ALG-1-04: Transform with non-zero rotation pivot rotates around the translate centre rather than the world origin","status":"passed","title":"rotates around the translate centre rather than the world origin","duration":1.240699999999947,"failureMessages":[],"meta":{},"tags":[]}],"startTime":1789090768661,"endTime":1789090768678.2407,"status":"passed","message":"","name":"C:/Users/gomez/repos/THESIS/v.a.m.s/tests/algorithm/algorithm-1-global-matrix.test.ts"},{"assertionResults":[{"ancestorTitles":["ALG-2-01: Push/Pop pairs are balanced for every scenario"],"fullName":"ALG-2-01: Push/Pop pairs are balanced for every scenario balanced push/pop for POINTS","status":"passed","title":"balanced push/pop for POINTS","duration":14.897100000000137,"failureMessages":[],"meta":{},"tags":[]},{"ancestorTitles":["ALG-2-01: Push/Pop pairs are balanced for every scenario"],"fullName":"ALG-2-01: Push/Pop pairs are balanced for every scenario balanced push/pop for LINES","status":"passed","title":"balanced push/pop for LINES","duration":2.457799999999679,"failureMessages":[],"meta":{},"tags":[]},{"ancestorTitles":["ALG-2-01: Push/Pop pairs are balanced for every scenario"],"fullName":"ALG-2-01: Push/Pop pairs are balanced for every scenario balanced push/pop for LINE_STRIP","status":"passed","title":"balanced push/pop for LINE_STRIP","duration":2.2069000000001324,"failureMessages":[],"meta":{},"tags":[]},{"ancestorTitles":["ALG-2-01: Push/Pop pairs are balanced for every scenario"],"fullName":"ALG-2-01: Push/Pop pairs are balanced for every scenario balanced push/pop for LINE_LOOP","status":"passed","title":"balanced push/pop for LINE_LOOP","duration":1.397599999999784,"failureMessages":[],"meta":{},"tags":[]},{"ancestorTitles":["ALG-2-01: Push/Pop pairs are balanced for every scenario"],"fullName":"ALG-2-01: Push/Pop pairs are balanced for every scenario balanced push/pop for TRIANGLES","status":"passed","title":"balanced push/pop for TRIANGLES","duration":3.5547999999998865,"failureMessages":[],"meta":{},"tags":[]},{"ancestorTitles":["ALG-2-01: Push/Pop pairs are balanced for every scenario"],"fullName":"ALG-2-01: Push/Pop pairs are balanced for every scenario balanced push/pop for TRIANGLE_STRIP","status":"passed","title":"balanced push/pop for TRIANGLE_STRIP","duration":0.8699000000001433,"failureMessages":[],"meta":{},"tags":[]},{"ancestorTitles":["ALG-2-01: Push/Pop pairs are balanced for every scenario"],"fullName":"ALG-2-01: Push/Pop pairs are balanced for every scenario balanced push/pop for TRIANGLE_FAN","status":"passed","title":"balanced push/pop for TRIANGLE_FAN","duration":0.8635999999996784,"failureMessages":[],"meta":{},"tags":[]},{"ancestorTitles":["ALG-2-01: Push/Pop pairs are balanced for every scenario"],"fullName":"ALG-2-01: Push/Pop pairs are balanced for every scenario balanced push/pop for QUADS","status":"passed","title":"balanced push/pop for QUADS","duration":2.477600000000166,"failureMessages":[],"meta":{},"tags":[]},{"ancestorTitles":["ALG-2-01: Push/Pop pairs are balanced for every scenario"],"fullName":"ALG-2-01: Push/Pop pairs are balanced for every scenario balanced push/pop for QUAD_STRIP","status":"passed","title":"balanced push/pop for QUAD_STRIP","duration":3.608099999999922,"failureMessages":[],"meta":{},"tags":[]},{"ancestorTitles":["ALG-2-01: Push/Pop pairs are balanced for every scenario"],"fullName":"ALG-2-01: Push/Pop pairs are balanced for every scenario balanced push/pop for POLYGON","status":"passed","title":"balanced push/pop for POLYGON","duration":1.2231999999999061,"failureMessages":[],"meta":{},"tags":[]},{"ancestorTitles":["ALG-2-02: Transform ordering is T → R → S in the emitted draw body"],"fullName":"ALG-2-02: Transform ordering is T → R → S in the emitted draw body translate appears before rotate which appears before scale","status":"passed","title":"translate appears before rotate which appears before scale","duration":1.5579999999999927,"failureMessages":[],"meta":{},"tags":[]},{"ancestorTitles":["ALG-2-03: glut*Func() calls are emitted for every registered callback"],"fullName":"ALG-2-03: glut*Func() calls are emitted for every registered callback registering all four user callbacks emits all four glut*Func() calls","status":"passed","title":"registering all four user callbacks emits all four glut*Func() calls","duration":7.08809999999994,"failureMessages":[],"meta":{},"tags":[]},{"ancestorTitles":["ALG-2-04: Determinism on a complex multi-object scene"],"fullName":"ALG-2-04: Determinism on a complex multi-object scene three back-to-back generations produce byte-identical strings","status":"passed","title":"three back-to-back generations produce byte-identical strings","duration":2.0039999999999054,"failureMessages":[],"meta":{},"tags":[]}],"startTime":1789090767892,"endTime":1789090767943.004,"status":"passed","message":"","name":"C:/Users/gomez/repos/THESIS/v.a.m.s/tests/algorithm/algorithm-2-code-generation.test.ts"},{"assertionResults":[{"ancestorTitles":["ALG-3-01: Step-execution latency across the entire lesson library"],"fullName":"ALG-3-01: Step-execution latency across the entire lesson library mean latency < 5 ms per step on a modern CPU","status":"passed","title":"mean latency < 5 ms per step on a modern CPU","duration":74.30690000000004,"failureMessages":[],"meta":{},"tags":[]},{"ancestorTitles":["ALG-3-02: Success-detection accuracy on artificial pass/fail scenarios"],"fullName":"ALG-3-02: Success-detection accuracy on artificial pass/fail scenarios successCheck predicates correctly classify hand-crafted scenarios","status":"passed","title":"successCheck predicates correctly classify hand-crafted scenarios","duration":4.565200000000004,"failureMessages":[],"meta":{},"tags":[]},{"ancestorTitles":["ALG-3-03: State-restoration fidelity — byte-identical before/after"],"fullName":"ALG-3-03: State-restoration fidelity — byte-identical before/after clearLessonState reproduces the snapshot captured at lesson entry","status":"passed","title":"clearLessonState reproduces the snapshot captured at lesson entry","duration":4.904299999999694,"failureMessages":[],"meta":{},"tags":[]}],"startTime":1789090767908,"endTime":1789090767991.9043,"status":"passed","message":"","name":"C:/Users/gomez/repos/THESIS/v.a.m.s/tests/algorithm/algorithm-3-lesson-step.test.ts"},{"assertionResults":[{"ancestorTitles":["ANIM-SAVE-01: a saved animation round-trips through save → JSON → load"],"fullName":"ANIM-SAVE-01: a saved animation round-trips through save → JSON → load reconstructs the object animation exactly","status":"passed","title":"reconstructs the object animation exactly","duration":6.488900000000058,"failureMessages":[],"meta":{},"tags":[]},{"ancestorTitles":["ANIM-SAVE-02: setObjectAnimation writes and clears the descriptor"],"fullName":"ANIM-SAVE-02: setObjectAnimation writes and clears the descriptor saves, then removes, leaving no animation","status":"passed","title":"saves, then removes, leaving no animation","duration":1.0556000000000267,"failureMessages":[],"meta":{},"tags":[]},{"ancestorTitles":["ANIM-SAVE-02: setObjectAnimation writes and clears the descriptor"],"fullName":"ANIM-SAVE-02: setObjectAnimation writes and clears the descriptor participates in undo/redo via history","status":"passed","title":"participates in undo/redo via history","duration":1.663499999999999,"failureMessages":[],"meta":{},"tags":[]},{"ancestorTitles":["ANIM-SAVE-03: the sanitiser is defensive"],"fullName":"ANIM-SAVE-03: the sanitiser is defensive drops an unrecognised motion and a legacy object with no animation","status":"passed","title":"drops an unrecognised motion and a legacy object with no animation","duration":0.30700000000001637,"failureMessages":[],"meta":{},"tags":[]},{"ancestorTitles":["ANIM-SAVE-03: the sanitiser is defensive"],"fullName":"ANIM-SAVE-03: the sanitiser is defensive clamps an out-of-range speed","status":"passed","title":"clamps an out-of-range speed","duration":0.39609999999993306,"failureMessages":[],"meta":{},"tags":[]}],"startTime":1789090768806,"endTime":1789090768816.396,"status":"passed","message":"","name":"C:/Users/gomez/repos/THESIS/v.a.m.s/tests/black-box/animation-persistence.test.ts"},{"assertionResults":[{"ancestorTitles":["ANIM-BB-01: Play starts visible motion"],"fullName":"ANIM-BB-01: Play starts visible motion a played object is displaced from its resting pose","status":"passed","title":"a played object is displaced from its resting pose","duration":12.407200000000103,"failureMessages":[],"meta":{},"tags":[]},{"ancestorTitles":["ANIM-BB-02: Stop restores the exact pose"],"fullName":"ANIM-BB-02: Stop restores the exact pose display returns to the saved transform after stop","status":"passed","title":"display returns to the saved transform after stop","duration":2.2341999999998734,"failureMessages":[],"meta":{},"tags":[]},{"ancestorTitles":["ANIM-BB-03: Selecting another object stops playback"],"fullName":"ANIM-BB-03: Selecting another object stops playback switching selection ends the current preview","status":"passed","title":"switching selection ends the current preview","duration":2.1833999999998923,"failureMessages":[],"meta":{},"tags":[]},{"ancestorTitles":["ANIM-BB-04: Entering Lesson Mode or switching sections stops playback"],"fullName":"ANIM-BB-04: Entering Lesson Mode or switching sections stops playback entering Lesson Mode stops the preview","status":"passed","title":"entering Lesson Mode stops the preview","duration":1.4920999999999367,"failureMessages":[],"meta":{},"tags":[]},{"ancestorTitles":["ANIM-BB-04: Entering Lesson Mode or switching sections stops playback"],"fullName":"ANIM-BB-04: Entering Lesson Mode or switching sections stops playback switching curriculum section stops the preview","status":"passed","title":"switching curriculum section stops the preview","duration":1.2573999999999614,"failureMessages":[],"meta":{},"tags":[]},{"ancestorTitles":["ANIM-BB-05: Saving while playing matches saving while stopped"],"fullName":"ANIM-BB-05: Saving while playing matches saving while stopped the project payload is byte-identical during and after a preview","status":"passed","title":"the project payload is byte-identical during and after a preview","duration":2.3320000000003347,"failureMessages":[],"meta":{},"tags":[]},{"ancestorTitles":["ANIM-BB-06: Each motion type plays distinctly"],"fullName":"ANIM-BB-06: Each motion type plays distinctly motion \"rotate\" moves the expected transform channel","status":"passed","title":"motion \"rotate\" moves the expected transform channel","duration":1.284099999999853,"failureMessages":[],"meta":{},"tags":[]},{"ancestorTitles":["ANIM-BB-06: Each motion type plays distinctly"],"fullName":"ANIM-BB-06: Each motion type plays distinctly motion \"pulse\" moves the expected transform channel","status":"passed","title":"motion \"pulse\" moves the expected transform channel","duration":1.0886999999997897,"failureMessages":[],"meta":{},"tags":[]},{"ancestorTitles":["ANIM-BB-06: Each motion type plays distinctly"],"fullName":"ANIM-BB-06: Each motion type plays distinctly motion \"slide\" moves the expected transform channel","status":"passed","title":"motion \"slide\" moves the expected transform channel","duration":1.7798000000002503,"failureMessages":[],"meta":{},"tags":[]},{"ancestorTitles":["ANIM-BB-06: Each motion type plays distinctly"],"fullName":"ANIM-BB-06: Each motion type plays distinctly motion \"orbit\" moves the expected transform channel","status":"passed","title":"motion \"orbit\" moves the expected transform channel","duration":1.103900000000067,"failureMessages":[],"meta":{},"tags":[]},{"ancestorTitles":["ANIM-BB-07: Undo while playing stops the preview"],"fullName":"ANIM-BB-07: Undo while playing stops the preview an undo ends playback before restoring history","status":"passed","title":"an undo ends playback before restoring history","duration":1.7890999999999622,"failureMessages":[],"meta":{},"tags":[]}],"startTime":1789090767814,"endTime":1789090767843.789,"status":"passed","message":"","name":"C:/Users/gomez/repos/THESIS/v.a.m.s/tests/black-box/animation-preview.test.ts"},{"assertionResults":[{"ancestorTitles":["BB-GEN-01: Empty scenes produce a runnable shell"],"fullName":"BB-GEN-01: Empty scenes produce a runnable shell contains main(), display(), and an `// Empty scene` comment","status":"passed","title":"contains main(), display(), and an `// Empty scene` comment","duration":6.593099999999595,"failureMessages":[],"meta":{},"tags":[]},{"ancestorTitles":["BB-GEN-02: glPushMatrix and glPopMatrix calls are balanced"],"fullName":"BB-GEN-02: glPushMatrix and glPopMatrix calls are balanced matches push/pop count for a single primitive","status":"passed","title":"matches push/pop count for a single primitive","duration":9.596099999999751,"failureMessages":[],"meta":{},"tags":[]},{"ancestorTitles":["BB-GEN-02: glPushMatrix and glPopMatrix calls are balanced"],"fullName":"BB-GEN-02: glPushMatrix and glPopMatrix calls are balanced matches push/pop count for a 2-level hierarchy","status":"passed","title":"matches push/pop count for a 2-level hierarchy","duration":5.1865999999999985,"failureMessages":[],"meta":{},"tags":[]},{"ancestorTitles":["BB-GEN-03: Transformation calls appear in T-R-S order"],"fullName":"BB-GEN-03: Transformation calls appear in T-R-S order emits glTranslatef, glRotatef, glScalef in that order","status":"passed","title":"emits glTranslatef, glRotatef, glScalef in that order","duration":3.259900000000016,"failureMessages":[],"meta":{},"tags":[]},{"ancestorTitles":["BB-GEN-04: glBegin/glEnd are balanced and use correct primitives"],"fullName":"BB-GEN-04: glBegin/glEnd are balanced and use correct primitives emits glBegin(GL_POINTS) for a undefined object","status":"passed","title":"emits glBegin(GL_POINTS) for a undefined object","duration":5.225199999999859,"failureMessages":[],"meta":{},"tags":[]},{"ancestorTitles":["BB-GEN-04: glBegin/glEnd are balanced and use correct primitives"],"fullName":"BB-GEN-04: glBegin/glEnd are balanced and use correct primitives emits glBegin(GL_LINES) for a undefined object","status":"passed","title":"emits glBegin(GL_LINES) for a undefined object","duration":1.394800000000032,"failureMessages":[],"meta":{},"tags":[]},{"ancestorTitles":["BB-GEN-04: glBegin/glEnd are balanced and use correct primitives"],"fullName":"BB-GEN-04: glBegin/glEnd are balanced and use correct primitives emits glBegin(GL_LINE_STRIP) for a undefined object","status":"passed","title":"emits glBegin(GL_LINE_STRIP) for a undefined object","duration":4.603399999999965,"failureMessages":[],"meta":{},"tags":[]},{"ancestorTitles":["BB-GEN-04: glBegin/glEnd are balanced and use correct primitives"],"fullName":"BB-GEN-04: glBegin/glEnd are balanced and use correct primitives emits glBegin(GL_LINE_LOOP) for a undefined object","status":"passed","title":"emits glBegin(GL_LINE_LOOP) for a undefined object","duration":1.3332000000000335,"failureMessages":[],"meta":{},"tags":[]},{"ancestorTitles":["BB-GEN-04: glBegin/glEnd are balanced and use correct primitives"],"fullName":"BB-GEN-04: glBegin/glEnd are balanced and use correct primitives emits glBegin(GL_TRIANGLES) for a undefined object","status":"passed","title":"emits glBegin(GL_TRIANGLES) for a undefined object","duration":4.500700000000052,"failureMessages":[],"meta":{},"tags":[]},{"ancestorTitles":["BB-GEN-04: glBegin/glEnd are balanced and use correct primitives"],"fullName":"BB-GEN-04: glBegin/glEnd are balanced and use correct primitives emits glBegin(GL_TRIANGLE_STRIP) for a undefined object","status":"passed","title":"emits glBegin(GL_TRIANGLE_STRIP) for a undefined object","duration":2.6619000000000597,"failureMessages":[],"meta":{},"tags":[]},{"ancestorTitles":["BB-GEN-04: glBegin/glEnd are balanced and use correct primitives"],"fullName":"BB-GEN-04: glBegin/glEnd are balanced and use correct primitives emits glBegin(GL_TRIANGLE_FAN) for a undefined object","status":"passed","title":"emits glBegin(GL_TRIANGLE_FAN) for a undefined object","duration":0.8963000000003376,"failureMessages":[],"meta":{},"tags":[]},{"ancestorTitles":["BB-GEN-04: glBegin/glEnd are balanced and use correct primitives"],"fullName":"BB-GEN-04: glBegin/glEnd are balanced and use correct primitives emits glBegin(GL_QUADS) for a undefined object","status":"passed","title":"emits glBegin(GL_QUADS) for a undefined object","duration":3.2829000000001543,"failureMessages":[],"meta":{},"tags":[]},{"ancestorTitles":["BB-GEN-04: glBegin/glEnd are balanced and use correct primitives"],"fullName":"BB-GEN-04: glBegin/glEnd are balanced and use correct primitives emits glBegin(GL_QUAD_STRIP) for a undefined object","status":"passed","title":"emits glBegin(GL_QUAD_STRIP) for a undefined object","duration":5.798900000000231,"failureMessages":[],"meta":{},"tags":[]},{"ancestorTitles":["BB-GEN-04: glBegin/glEnd are balanced and use correct primitives"],"fullName":"BB-GEN-04: glBegin/glEnd are balanced and use correct primitives emits glBegin(GL_POLYGON) for a undefined object","status":"passed","title":"emits glBegin(GL_POLYGON) for a undefined object","duration":1.569999999999709,"failureMessages":[],"meta":{},"tags":[]},{"ancestorTitles":["BB-GEN-05: Per-vertex emission of position & color"],"fullName":"BB-GEN-05: Per-vertex emission of position & color emits glColor3f and glVertex2f for each vertex (FLOAT mode)","status":"passed","title":"emits glColor3f and glVertex2f for each vertex (FLOAT mode)","duration":3.2807000000002517,"failureMessages":[],"meta":{},"tags":[]},{"ancestorTitles":["BB-GEN-05: Per-vertex emission of position & color"],"fullName":"BB-GEN-05: Per-vertex emission of position & color switches to glColor3ub in BYTE mode","status":"passed","title":"switches to glColor3ub in BYTE mode","duration":2.287500000000364,"failureMessages":[],"meta":{},"tags":[]},{"ancestorTitles":["BB-GEN-06: Shading mode emission"],"fullName":"BB-GEN-06: Shading mode emission emits GL_FLAT when shading is FLAT","status":"passed","title":"emits GL_FLAT when shading is FLAT","duration":1.1941999999999098,"failureMessages":[],"meta":{},"tags":[]},{"ancestorTitles":["BB-GEN-06: Shading mode emission"],"fullName":"BB-GEN-06: Shading mode emission emits GL_SMOOTH when shading is SMOOTH","status":"passed","title":"emits GL_SMOOTH when shading is SMOOTH","duration":0.651299999999992,"failureMessages":[],"meta":{},"tags":[]},{"ancestorTitles":["BB-GEN-07: TEXT nodes emit glRasterPos + glutBitmapCharacter"],"fullName":"BB-GEN-07: TEXT nodes emit glRasterPos + glutBitmapCharacter renders a one-line text node via the bitmap glyph loop","status":"passed","title":"renders a one-line text node via the bitmap glyph loop","duration":1.1231000000002496,"failureMessages":[],"meta":{},"tags":[]},{"ancestorTitles":["BB-GEN-08: GROUP nodes emit draw calls for their children"],"fullName":"BB-GEN-08: GROUP nodes emit draw calls for their children children of a group are drawn between push/pop of the group","status":"passed","title":"children of a group are drawn between push/pop of the group","duration":5.517800000000079,"failureMessages":[],"meta":{},"tags":[]},{"ancestorTitles":["BB-GEN-09: Registered GLUT callbacks emit stubs AND glutXxxFunc()"],"fullName":"BB-GEN-09: Registered GLUT callbacks emit stubs AND glutXxxFunc() emits the 'keyboard' handler and registers it","status":"passed","title":"emits the 'keyboard' handler and registers it","duration":1.772200000000339,"failureMessages":[],"meta":{},"tags":[]},{"ancestorTitles":["BB-GEN-09: Registered GLUT callbacks emit stubs AND glutXxxFunc()"],"fullName":"BB-GEN-09: Registered GLUT callbacks emit stubs AND glutXxxFunc() emits the 'mouse' handler and registers it","status":"passed","title":"emits the 'mouse' handler and registers it","duration":0.9531999999999243,"failureMessages":[],"meta":{},"tags":[]},{"ancestorTitles":["BB-GEN-09: Registered GLUT callbacks emit stubs AND glutXxxFunc()"],"fullName":"BB-GEN-09: Registered GLUT callbacks emit stubs AND glutXxxFunc() emits the 'motion' handler and registers it","status":"passed","title":"emits the 'motion' handler and registers it","duration":2.347900000000209,"failureMessages":[],"meta":{},"tags":[]},{"ancestorTitles":["BB-GEN-09: Registered GLUT callbacks emit stubs AND glutXxxFunc()"],"fullName":"BB-GEN-09: Registered GLUT callbacks emit stubs AND glutXxxFunc() emits the 'reshape' handler and registers it","status":"passed","title":"emits the 'reshape' handler and registers it","duration":4.040399999999863,"failureMessages":[],"meta":{},"tags":[]},{"ancestorTitles":["BB-GEN-09: Registered GLUT callbacks emit stubs AND glutXxxFunc()"],"fullName":"BB-GEN-09: Registered GLUT callbacks emit stubs AND glutXxxFunc() emits the 'idle' handler and registers it","status":"passed","title":"emits the 'idle' handler and registers it","duration":1.0190999999999804,"failureMessages":[],"meta":{},"tags":[]},{"ancestorTitles":["BB-GEN-10: Required headers are present"],"fullName":"BB-GEN-10: Required headers are present always includes <GL/glew.h> and <GL/freeglut.h>","status":"passed","title":"always includes <GL/glew.h> and <GL/freeglut.h>","duration":0.5349999999998545,"failureMessages":[],"meta":{},"tags":[]}],"startTime":1789090767898,"endTime":1789090767981.535,"status":"passed","message":"","name":"C:/Users/gomez/repos/THESIS/v.a.m.s/tests/black-box/code-generation.test.ts"},{"assertionResults":[{"ancestorTitles":["BB-CPP-01: Output is syntactically well-formed C++"],"fullName":"BB-CPP-01: Output is syntactically well-formed C++ has matched braces","status":"passed","title":"has matched braces","duration":15.938700000000154,"failureMessages":[],"meta":{},"tags":[]},{"ancestorTitles":["BB-CPP-01: Output is syntactically well-formed C++"],"fullName":"BB-CPP-01: Output is syntactically well-formed C++ has matched parentheses","status":"passed","title":"has matched parentheses","duration":1.4023999999999432,"failureMessages":[],"meta":{},"tags":[]},{"ancestorTitles":["BB-CPP-01: Output is syntactically well-formed C++"],"fullName":"BB-CPP-01: Output is syntactically well-formed C++ contains a single main() entry point","status":"passed","title":"contains a single main() entry point","duration":2.0394000000001142,"failureMessages":[],"meta":{},"tags":[]},{"ancestorTitles":["BB-CPP-02: Geometry correlates with V.A.M.S. vertices"],"fullName":"BB-CPP-02: Geometry correlates with V.A.M.S. vertices each vertex coordinate appears in the emitted output at 4-decimal precision","status":"passed","title":"each vertex coordinate appears in the emitted output at 4-decimal precision","duration":2.3471000000004096,"failureMessages":[],"meta":{},"tags":[]},{"ancestorTitles":["BB-CPP-03: Object transforms appear in the global state struct"],"fullName":"BB-CPP-03: Object transforms appear in the global state struct emits ObjectState with the same translate/rotate/scale values","status":"passed","title":"emits ObjectState with the same translate/rotate/scale values","duration":4.910100000000057,"failureMessages":[],"meta":{},"tags":[]},{"ancestorTitles":["BB-CPP-04: Hierarchy is preserved in draw() ordering"],"fullName":"BB-CPP-04: Hierarchy is preserved in draw() ordering children are drawn between their parent group push/pop","status":"passed","title":"children are drawn between their parent group push/pop","duration":3.4117999999998574,"failureMessages":[],"meta":{},"tags":[]},{"ancestorTitles":["BB-CPP-05: Bitmap text uses raster position"],"fullName":"BB-CPP-05: Bitmap text uses raster position emits glRasterPos2f and bitmap loop","status":"passed","title":"emits glRasterPos2f and bitmap loop","duration":3.490299999999934,"failureMessages":[],"meta":{},"tags":[]},{"ancestorTitles":["BB-CPP-06: Line width emission matches user setting"],"fullName":"BB-CPP-06: Line width emission matches user setting emits glLineWidth with the configured value","status":"passed","title":"emits glLineWidth with the configured value","duration":5.852399999999761,"failureMessages":[],"meta":{},"tags":[]}],"startTime":1789090767890,"endTime":1789090767929.8523,"status":"passed","message":"","name":"C:/Users/gomez/repos/THESIS/v.a.m.s/tests/black-box/cpp-code-validation.test.ts"},{"assertionResults":[{"ancestorTitles":["BB-HELP-01: Content integrity"],"fullName":"BB-HELP-01: Content integrity every topic has a unique id","status":"passed","title":"every topic has a unique id","duration":2.5593000000000075,"failureMessages":[],"meta":{},"tags":[]},{"ancestorTitles":["BB-HELP-01: Content integrity"],"fullName":"BB-HELP-01: Content integrity every topic belongs to a declared category","status":"passed","title":"every topic belongs to a declared category","duration":0.8832999999999629,"failureMessages":[],"meta":{},"tags":[]},{"ancestorTitles":["BB-HELP-01: Content integrity"],"fullName":"BB-HELP-01: Content integrity every related cross-link points to a real topic","status":"passed","title":"every related cross-link points to a real topic","duration":1.1091000000000122,"failureMessages":[],"meta":{},"tags":[]},{"ancestorTitles":["BB-HELP-01: Content integrity"],"fullName":"BB-HELP-01: Content integrity the default topic exists","status":"passed","title":"the default topic exists","duration":0.3188000000000102,"failureMessages":[],"meta":{},"tags":[]},{"ancestorTitles":["BB-HELP-02: Section deep-linking"],"fullName":"BB-HELP-02: Section deep-linking maps the Pipeline section to a topic for that section","status":"passed","title":"maps the Pipeline section to a topic for that section","duration":0.3629999999999427,"failureMessages":[],"meta":{},"tags":[]},{"ancestorTitles":["BB-HELP-02: Section deep-linking"],"fullName":"BB-HELP-02: Section deep-linking maps the Primitives section to a topic for that section","status":"passed","title":"maps the Primitives section to a topic for that section","duration":0.2543999999999187,"failureMessages":[],"meta":{},"tags":[]},{"ancestorTitles":["BB-HELP-02: Section deep-linking"],"fullName":"BB-HELP-02: Section deep-linking maps the Buffers section to a topic for that section","status":"passed","title":"maps the Buffers section to a topic for that section","duration":0.3751999999999498,"failureMessages":[],"meta":{},"tags":[]},{"ancestorTitles":["BB-HELP-02: Section deep-linking"],"fullName":"BB-HELP-02: Section deep-linking maps the Transforms section to a topic for that section","status":"passed","title":"maps the Transforms section to a topic for that section","duration":0.22130000000004202,"failureMessages":[],"meta":{},"tags":[]},{"ancestorTitles":["BB-HELP-02: Section deep-linking"],"fullName":"BB-HELP-02: Section deep-linking maps the Textures section to a topic for that section","status":"passed","title":"maps the Textures section to a topic for that section","duration":0.6649999999999636,"failureMessages":[],"meta":{},"tags":[]},{"ancestorTitles":["BB-HELP-03: Search"],"fullName":"BB-HELP-03: Search returns all topics for an empty query","status":"passed","title":"returns all topics for an empty query","duration":1.3727999999999838,"failureMessages":[],"meta":{},"tags":[]},{"ancestorTitles":["BB-HELP-03: Search"],"fullName":"BB-HELP-03: Search matches on keywords","status":"passed","title":"matches on keywords","duration":0.6691000000000713,"failureMessages":[],"meta":{},"tags":[]},{"ancestorTitles":["BB-HELP-03: Search"],"fullName":"BB-HELP-03: Search is case-insensitive","status":"passed","title":"is case-insensitive","duration":1.2649000000000115,"failureMessages":[],"meta":{},"tags":[]},{"ancestorTitles":["BB-HELP-03: Search"],"fullName":"BB-HELP-03: Search returns nothing for a nonsense query","status":"passed","title":"returns nothing for a nonsense query","duration":0.6340999999999894,"failureMessages":[],"meta":{},"tags":[]},{"ancestorTitles":["BB-HELP-04: Help slice state machine"],"fullName":"BB-HELP-04: Help slice state machine opens to a given topic and records it in history","status":"passed","title":"opens to a given topic and records it in history","duration":0.5795000000000528,"failureMessages":[],"meta":{},"tags":[]},{"ancestorTitles":["BB-HELP-04: Help slice state machine"],"fullName":"BB-HELP-04: Help slice state machine navigates forward and supports going back","status":"passed","title":"navigates forward and supports going back","duration":0.5509999999999309,"failureMessages":[],"meta":{},"tags":[]},{"ancestorTitles":["BB-HELP-04: Help slice state machine"],"fullName":"BB-HELP-04: Help slice state machine does not push duplicate consecutive entries to history","status":"passed","title":"does not push duplicate consecutive entries to history","duration":0.4537000000000262,"failureMessages":[],"meta":{},"tags":[]},{"ancestorTitles":["BB-HELP-04: Help slice state machine"],"fullName":"BB-HELP-04: Help slice state machine closeHelp leaves the active topic intact for next open","status":"passed","title":"closeHelp leaves the active topic intact for next open","duration":0.3423000000000229,"failureMessages":[],"meta":{},"tags":[]},{"ancestorTitles":["BB-HELP-04: Help slice state machine"],"fullName":"BB-HELP-04: Help slice state machine marks the welcome state as seen","status":"passed","title":"marks the welcome state as seen","duration":0.43390000000010787,"failureMessages":[],"meta":{},"tags":[]}],"startTime":1789090768592,"endTime":1789090768606.4338,"status":"passed","message":"","name":"C:/Users/gomez/repos/THESIS/v.a.m.s/tests/black-box/help-center.test.ts"},{"assertionResults":[{"ancestorTitles":["BB-LESSON-01: Lesson registry exposes lessons for the curriculum"],"fullName":"BB-LESSON-01: Lesson registry exposes lessons for the curriculum contains at least one demo and one exercise lesson","status":"passed","title":"contains at least one demo and one exercise lesson","duration":5.320299999999861,"failureMessages":[],"meta":{},"tags":[]},{"ancestorTitles":["BB-LESSON-01: Lesson registry exposes lessons for the curriculum"],"fullName":"BB-LESSON-01: Lesson registry exposes lessons for the curriculum every lesson has at least one step","status":"passed","title":"every lesson has at least one step","duration":3.864799999999832,"failureMessages":[],"meta":{},"tags":[]},{"ancestorTitles":["BB-LESSON-02: Setting an active lesson backs up the scene"],"fullName":"BB-LESSON-02: Setting an active lesson backs up the scene moves the user scene into sceneBackup and clears the working scene","status":"passed","title":"moves the user scene into sceneBackup and clears the working scene","duration":19.515699999999924,"failureMessages":[],"meta":{},"tags":[]},{"ancestorTitles":["BB-LESSON-03: Step navigation works forward and backward"],"fullName":"BB-LESSON-03: Step navigation works forward and backward setCurrentStep advances and rewinds the lesson cursor","status":"passed","title":"setCurrentStep advances and rewinds the lesson cursor","duration":3.49369999999999,"failureMessages":[],"meta":{},"tags":[]},{"ancestorTitles":["BB-LESSON-04: A step `action` mutates the scene through the store"],"fullName":"BB-LESSON-04: A step `action` mutates the scene through the store running a lesson step that adds a triangle is reflected in the store","status":"passed","title":"running a lesson step that adds a triangle is reflected in the store","duration":1.945600000000013,"failureMessages":[],"meta":{},"tags":[]},{"ancestorTitles":["BB-LESSON-05: clearLessonState restores the original scene"],"fullName":"BB-LESSON-05: clearLessonState restores the original scene round-trips a user-built scene through an active lesson and back","status":"passed","title":"round-trips a user-built scene through an active lesson and back","duration":3.7388999999998305,"failureMessages":[],"meta":{},"tags":[]},{"ancestorTitles":["BB-LESSON-06: successCheck predicates classify pass/fail correctly"],"fullName":"BB-LESSON-06: successCheck predicates classify pass/fail correctly every successCheck returns a boolean and never throws on an empty store","status":"passed","title":"every successCheck returns a boolean and never throws on an empty store","duration":4.809999999999945,"failureMessages":[],"meta":{},"tags":[]},{"ancestorTitles":["BB-LESSON-06: successCheck predicates classify pass/fail correctly"],"fullName":"BB-LESSON-06: successCheck predicates classify pass/fail correctly synthesised positive scenarios pass at least one successCheck","status":"passed","title":"synthesised positive scenarios pass at least one successCheck","duration":9.482700000000023,"failureMessages":[],"meta":{},"tags":[]},{"ancestorTitles":["BB-LESSON-06: successCheck predicates classify pass/fail correctly"],"fullName":"BB-LESSON-06: successCheck predicates classify pass/fail correctly an empty scene fails the successCheck of a step that requires content","status":"passed","title":"an empty scene fails the successCheck of a step that requires content","duration":1.9809000000000196,"failureMessages":[],"meta":{},"tags":[]}],"startTime":1789090767905,"endTime":1789090767959.981,"status":"passed","message":"","name":"C:/Users/gomez/repos/THESIS/v.a.m.s/tests/black-box/lesson-engine.test.ts"},{"assertionResults":[{"ancestorTitles":["BB-PRIM-01: All OpenGL 1.x primitives can be created"],"fullName":"BB-PRIM-01: All OpenGL 1.x primitives can be created creates a POINTS primitive at the origin","status":"passed","title":"creates a POINTS primitive at the origin","duration":13.45620000000008,"failureMessages":[],"meta":{},"tags":[]},{"ancestorTitles":["BB-PRIM-01: All OpenGL 1.x primitives can be created"],"fullName":"BB-PRIM-01: All OpenGL 1.x primitives can be created creates a LINES primitive at the origin","status":"passed","title":"creates a LINES primitive at the origin","duration":2.3061000000002423,"failureMessages":[],"meta":{},"tags":[]},{"ancestorTitles":["BB-PRIM-01: All OpenGL 1.x primitives can be created"],"fullName":"BB-PRIM-01: All OpenGL 1.x primitives can be created creates a LINE_STRIP primitive at the origin","status":"passed","title":"creates a LINE_STRIP primitive at the origin","duration":1.7964999999999236,"failureMessages":[],"meta":{},"tags":[]},{"ancestorTitles":["BB-PRIM-01: All OpenGL 1.x primitives can be created"],"fullName":"BB-PRIM-01: All OpenGL 1.x primitives can be created creates a LINE_LOOP primitive at the origin","status":"passed","title":"creates a LINE_LOOP primitive at the origin","duration":1.4318999999995867,"failureMessages":[],"meta":{},"tags":[]},{"ancestorTitles":["BB-PRIM-01: All OpenGL 1.x primitives can be created"],"fullName":"BB-PRIM-01: All OpenGL 1.x primitives can be created creates a TRIANGLES primitive at the origin","status":"passed","title":"creates a TRIANGLES primitive at the origin","duration":2.490899999999783,"failureMessages":[],"meta":{},"tags":[]},{"ancestorTitles":["BB-PRIM-01: All OpenGL 1.x primitives can be created"],"fullName":"BB-PRIM-01: All OpenGL 1.x primitives can be created creates a TRIANGLE_STRIP primitive at the origin","status":"passed","title":"creates a TRIANGLE_STRIP primitive at the origin","duration":1.3935999999998785,"failureMessages":[],"meta":{},"tags":[]},{"ancestorTitles":["BB-PRIM-01: All OpenGL 1.x primitives can be created"],"fullName":"BB-PRIM-01: All OpenGL 1.x primitives can be created creates a TRIANGLE_FAN primitive at the origin","status":"passed","title":"creates a TRIANGLE_FAN primitive at the origin","duration":1.5412000000001171,"failureMessages":[],"meta":{},"tags":[]},{"ancestorTitles":["BB-PRIM-01: All OpenGL 1.x primitives can be created"],"fullName":"BB-PRIM-01: All OpenGL 1.x primitives can be created creates a QUADS primitive at the origin","status":"passed","title":"creates a QUADS primitive at the origin","duration":1.23050000000012,"failureMessages":[],"meta":{},"tags":[]},{"ancestorTitles":["BB-PRIM-01: All OpenGL 1.x primitives can be created"],"fullName":"BB-PRIM-01: All OpenGL 1.x primitives can be created creates a QUAD_STRIP primitive at the origin","status":"passed","title":"creates a QUAD_STRIP primitive at the origin","duration":2.0461999999997715,"failureMessages":[],"meta":{},"tags":[]},{"ancestorTitles":["BB-PRIM-01: All OpenGL 1.x primitives can be created"],"fullName":"BB-PRIM-01: All OpenGL 1.x primitives can be created creates a POLYGON primitive at the origin","status":"passed","title":"creates a POLYGON primitive at the origin","duration":1.564900000000307,"failureMessages":[],"meta":{},"tags":[]},{"ancestorTitles":["BB-PRIM-02: Primitives can be placed at various NDC positions"],"fullName":"BB-PRIM-02: Primitives can be placed at various NDC positions places a triangle at origin (0, 0)","status":"passed","title":"places a triangle at origin (0, 0)","duration":0.8969999999999345,"failureMessages":[],"meta":{},"tags":[]},{"ancestorTitles":["BB-PRIM-02: Primitives can be placed at various NDC positions"],"fullName":"BB-PRIM-02: Primitives can be placed at various NDC positions places a triangle at upper-right (0.5, 0.5)","status":"passed","title":"places a triangle at upper-right (0.5, 0.5)","duration":0.4408999999996013,"failureMessages":[],"meta":{},"tags":[]},{"ancestorTitles":["BB-PRIM-02: Primitives can be placed at various NDC positions"],"fullName":"BB-PRIM-02: Primitives can be placed at various NDC positions places a triangle at lower-left (-0.5, -0.5)","status":"passed","title":"places a triangle at lower-left (-0.5, -0.5)","duration":0.4854000000000269,"failureMessages":[],"meta":{},"tags":[]},{"ancestorTitles":["BB-PRIM-02: Primitives can be placed at various NDC positions"],"fullName":"BB-PRIM-02: Primitives can be placed at various NDC positions places a triangle at edge-x (0.95, 0)","status":"passed","title":"places a triangle at edge-x (0.95, 0)","duration":0.7928000000001703,"failureMessages":[],"meta":{},"tags":[]},{"ancestorTitles":["BB-PRIM-02: Primitives can be placed at various NDC positions"],"fullName":"BB-PRIM-02: Primitives can be placed at various NDC positions places a triangle at edge-y (0, 0.95)","status":"passed","title":"places a triangle at edge-y (0, 0.95)","duration":0.95049999999992,"failureMessages":[],"meta":{},"tags":[]},{"ancestorTitles":["BB-PRIM-03: Vertex coordinates can be edited (numeric input)"],"fullName":"BB-PRIM-03: Vertex coordinates can be edited (numeric input) updates a vertex position via updateVertexPosition()","status":"passed","title":"updates a vertex position via updateVertexPosition()","duration":1.2777999999998428,"failureMessages":[],"meta":{},"tags":[]},{"ancestorTitles":["BB-PRIM-04: Drag-style vertex updates remain real-time"],"fullName":"BB-PRIM-04: Drag-style vertex updates remain real-time multiple sequential updates always reflect the latest value","status":"passed","title":"multiple sequential updates always reflect the latest value","duration":2.080999999999676,"failureMessages":[],"meta":{},"tags":[]},{"ancestorTitles":["BB-PRIM-05: Per-vertex color editing"],"fullName":"BB-PRIM-05: Per-vertex color editing updates a single vertex color","status":"passed","title":"updates a single vertex color","duration":1.5147999999999229,"failureMessages":[],"meta":{},"tags":[]},{"ancestorTitles":["BB-PRIM-05: Per-vertex color editing"],"fullName":"BB-PRIM-05: Per-vertex color editing sets the color of all vertices at once","status":"passed","title":"sets the color of all vertices at once","duration":2.367999999999938,"failureMessages":[],"meta":{},"tags":[]},{"ancestorTitles":["BB-PRIM-06: Line width is clamped to OpenGL-sane range"],"fullName":"BB-PRIM-06: Line width is clamped to OpenGL-sane range clamps a line width below 0.5 to the minimum","status":"passed","title":"clamps a line width below 0.5 to the minimum","duration":1.6702000000000226,"failureMessages":[],"meta":{},"tags":[]},{"ancestorTitles":["BB-PRIM-06: Line width is clamped to OpenGL-sane range"],"fullName":"BB-PRIM-06: Line width is clamped to OpenGL-sane range clamps a line width above 20 to the maximum","status":"passed","title":"clamps a line width above 20 to the maximum","duration":1.0261999999997897,"failureMessages":[],"meta":{},"tags":[]},{"ancestorTitles":["BB-PRIM-06: Line width is clamped to OpenGL-sane range"],"fullName":"BB-PRIM-06: Line width is clamped to OpenGL-sane range accepts an intermediate line width verbatim","status":"passed","title":"accepts an intermediate line width verbatim","duration":0.9405000000001564,"failureMessages":[],"meta":{},"tags":[]},{"ancestorTitles":["BB-PRIM-07: glLineStipple can be configured per line object"],"fullName":"BB-PRIM-07: glLineStipple can be configured per line object stores a stipple factor/pattern and clamps factor to 1..256","status":"passed","title":"stores a stipple factor/pattern and clamps factor to 1..256","duration":1.2307000000000698,"failureMessages":[],"meta":{},"tags":[]},{"ancestorTitles":["BB-PRIM-07: glLineStipple can be configured per line object"],"fullName":"BB-PRIM-07: glLineStipple can be configured per line object can clear the stipple state","status":"passed","title":"can clear the stipple state","duration":1.3353000000001884,"failureMessages":[],"meta":{},"tags":[]}],"startTime":1789090767698,"endTime":1789090767746.3352,"status":"passed","message":"","name":"C:/Users/gomez/repos/THESIS/v.a.m.s/tests/black-box/primitive-creation.test.ts"},{"assertionResults":[{"ancestorTitles":["BB-PERSIST-01: A scene round-trips through save → JSON → load"],"fullName":"BB-PERSIST-01: A scene round-trips through save → JSON → load reconstructs the same set of objects, callbacks, viewport and theme","status":"passed","title":"reconstructs the same set of objects, callbacks, viewport and theme","duration":20.390400000000227,"failureMessages":[],"meta":{},"tags":[]},{"ancestorTitles":["BB-PERSIST-02: Older / malformed payloads are sanitised gracefully"],"fullName":"BB-PERSIST-02: Older / malformed payloads are sanitised gracefully drops objects with an unrecognised type","status":"passed","title":"drops objects with an unrecognised type","duration":1.0218999999997322,"failureMessages":[],"meta":{},"tags":[]},{"ancestorTitles":["BB-PERSIST-02: Older / malformed payloads are sanitised gracefully"],"fullName":"BB-PERSIST-02: Older / malformed payloads are sanitised gracefully coerces a missing visible flag to true (legacy schema)","status":"passed","title":"coerces a missing visible flag to true (legacy schema)","duration":0.5877000000000407,"failureMessages":[],"meta":{},"tags":[]},{"ancestorTitles":["BB-PERSIST-02: Older / malformed payloads are sanitised gracefully"],"fullName":"BB-PERSIST-02: Older / malformed payloads are sanitised gracefully strips parentIds that point at non-existent objects","status":"passed","title":"strips parentIds that point at non-existent objects","duration":0.40659999999979846,"failureMessages":[],"meta":{},"tags":[]},{"ancestorTitles":["BB-PERSIST-02: Older / malformed payloads are sanitised gracefully"],"fullName":"BB-PERSIST-02: Older / malformed payloads are sanitised gracefully returns the default project when given utter garbage","status":"passed","title":"returns the default project when given utter garbage","duration":2.44800000000032,"failureMessages":[],"meta":{},"tags":[]},{"ancestorTitles":["BB-PERSIST-03: Selected IDs that no longer exist are cleared"],"fullName":"BB-PERSIST-03: Selected IDs that no longer exist are cleared selectedObjectId is nulled out if it does not match any object","status":"passed","title":"selectedObjectId is nulled out if it does not match any object","duration":0.7876999999998588,"failureMessages":[],"meta":{},"tags":[]},{"ancestorTitles":["BB-PERSIST-04: Texture attachments are validated"],"fullName":"BB-PERSIST-04: Texture attachments are validated drops texture attachments without a textureId","status":"passed","title":"drops texture attachments without a textureId","duration":1.006199999999808,"failureMessages":[],"meta":{},"tags":[]}],"startTime":1789090767740,"endTime":1789090767767.006,"status":"passed","message":"","name":"C:/Users/gomez/repos/THESIS/v.a.m.s/tests/black-box/project-persistence.test.ts"},{"assertionResults":[{"ancestorTitles":["BB-HIER-01: createGroup wires parent/child relationships"],"fullName":"BB-HIER-01: createGroup wires parent/child relationships groups two siblings under a new GROUP node","status":"passed","title":"groups two siblings under a new GROUP node","duration":18.842699999999695,"failureMessages":[],"meta":{},"tags":[]},{"ancestorTitles":["BB-HIER-01: createGroup wires parent/child relationships"],"fullName":"BB-HIER-01: createGroup wires parent/child relationships does not group when fewer than 2 siblings are supplied","status":"passed","title":"does not group when fewer than 2 siblings are supplied","duration":1.9734999999996035,"failureMessages":[],"meta":{},"tags":[]},{"ancestorTitles":["BB-HIER-02: Multi-level hierarchy nesting"],"fullName":"BB-HIER-02: Multi-level hierarchy nesting groups can be nested via reorderObject(inside)","status":"passed","title":"groups can be nested via reorderObject(inside)","duration":4.963500000000295,"failureMessages":[],"meta":{},"tags":[]},{"ancestorTitles":["BB-HIER-03: Deleting a GROUP cascades to children (no orphans)"],"fullName":"BB-HIER-03: Deleting a GROUP cascades to children (no orphans) deleteGroup removes the group AND all its descendants","status":"passed","title":"deleteGroup removes the group AND all its descendants","duration":2.8479999999999563,"failureMessages":[],"meta":{},"tags":[]},{"ancestorTitles":["BB-HIER-04: Ungroup re-parents children to the grandparent"],"fullName":"BB-HIER-04: Ungroup re-parents children to the grandparent ungrouped children appear at the same scope as the former group","status":"passed","title":"ungrouped children appear at the same scope as the former group","duration":3.049999999999727,"failureMessages":[],"meta":{},"tags":[]},{"ancestorTitles":["BB-HIER-05: Visibility propagates through GROUP nodes"],"fullName":"BB-HIER-05: Visibility propagates through GROUP nodes hiding a group hides its descendants","status":"passed","title":"hiding a group hides its descendants","duration":3.468500000000404,"failureMessages":[],"meta":{},"tags":[]}],"startTime":1789090767697,"endTime":1789090767734.4685,"status":"passed","message":"","name":"C:/Users/gomez/repos/THESIS/v.a.m.s/tests/black-box/scene-graph-hierarchy.test.ts"},{"assertionResults":[{"ancestorTitles":["BB-XFORM-01: Translation, rotation, scaling each affect transform"],"fullName":"BB-XFORM-01: Translation, rotation, scaling each affect transform updateObjectTransform applies all five fields","status":"passed","title":"updateObjectTransform applies all five fields","duration":7.5557999999999765,"failureMessages":[],"meta":{},"tags":[]},{"ancestorTitles":["BB-XFORM-02: Identity transform leaves object centred"],"fullName":"BB-XFORM-02: Identity transform leaves object centred a triangle created at (0.4, 0.4) reports identity rotation/scale","status":"passed","title":"a triangle created at (0.4, 0.4) reports identity rotation/scale","duration":1.4635000000000673,"failureMessages":[],"meta":{},"tags":[]},{"ancestorTitles":["BB-XFORM-03: Successive transforms compose correctly"],"fullName":"BB-XFORM-03: Successive transforms compose correctly translate then rotate composes as translate · rotate when applied separately","status":"passed","title":"translate then rotate composes as translate · rotate when applied separately","duration":1.4978000000000975,"failureMessages":[],"meta":{},"tags":[]},{"ancestorTitles":["BB-XFORM-04: Nested objects preserve world transform on ungroup"],"fullName":"BB-XFORM-04: Nested objects preserve world transform on ungroup a child of a translated group keeps the same world location after ungrouping","status":"passed","title":"a child of a translated group keeps the same world location after ungrouping","duration":2.9610999999999876,"failureMessages":[],"meta":{},"tags":[]},{"ancestorTitles":["BB-XFORM-05: Rotating around different pivot points"],"fullName":"BB-XFORM-05: Rotating around different pivot points object at (0, 0) rotated by 0 deg returns to itself after a full 360","status":"passed","title":"object at (0, 0) rotated by 0 deg returns to itself after a full 360","duration":1.6575000000000273,"failureMessages":[],"meta":{},"tags":[]},{"ancestorTitles":["BB-XFORM-05: Rotating around different pivot points"],"fullName":"BB-XFORM-05: Rotating around different pivot points object at (0, 0) rotated by 90 deg returns to itself after a full 360","status":"passed","title":"object at (0, 0) rotated by 90 deg returns to itself after a full 360","duration":1.0614000000000487,"failureMessages":[],"meta":{},"tags":[]},{"ancestorTitles":["BB-XFORM-05: Rotating around different pivot points"],"fullName":"BB-XFORM-05: Rotating around different pivot points object at (0, 0) rotated by 180 deg returns to itself after a full 360","status":"passed","title":"object at (0, 0) rotated by 180 deg returns to itself after a full 360","duration":1.187599999999975,"failureMessages":[],"meta":{},"tags":[]},{"ancestorTitles":["BB-XFORM-05: Rotating around different pivot points"],"fullName":"BB-XFORM-05: Rotating around different pivot points object at (0, 0) rotated by 270 deg returns to itself after a full 360","status":"passed","title":"object at (0, 0) rotated by 270 deg returns to itself after a full 360","duration":1.0890999999999167,"failureMessages":[],"meta":{},"tags":[]},{"ancestorTitles":["BB-XFORM-05: Rotating around different pivot points"],"fullName":"BB-XFORM-05: Rotating around different pivot points object at (0.5, 0) rotated by 45 deg returns to itself after a full 360","status":"passed","title":"object at (0.5, 0) rotated by 45 deg returns to itself after a full 360","duration":1.4079000000000406,"failureMessages":[],"meta":{},"tags":[]},{"ancestorTitles":["BB-XFORM-05: Rotating around different pivot points"],"fullName":"BB-XFORM-05: Rotating around different pivot points object at (-0.3, 0.2) rotated by 33 deg returns to itself after a full 360","status":"passed","title":"object at (-0.3, 0.2) rotated by 33 deg returns to itself after a full 360","duration":1.0670000000000073,"failureMessages":[],"meta":{},"tags":[]},{"ancestorTitles":["BB-XFORM-06: Scaling preserves vertex local coordinates"],"fullName":"BB-XFORM-06: Scaling preserves vertex local coordinates changing scaleX does not mutate vertex coordinates","status":"passed","title":"changing scaleX does not mutate vertex coordinates","duration":0.9158999999999651,"failureMessages":[],"meta":{},"tags":[]}],"startTime":1789090768529,"endTime":1789090768551.916,"status":"passed","message":"","name":"C:/Users/gomez/repos/THESIS/v.a.m.s/tests/black-box/transformation-operations.test.ts"},{"assertionResults":[{"ancestorTitles":["ANIM-IDLE-01: the idle body references only real ObjectState fields"],"fullName":"ANIM-IDLE-01: the idle body references only real ObjectState fields driving lines assign real fields; sine motions use static base locals","status":"passed","title":"driving lines assign real fields; sine motions use static base locals","duration":8.124099999999999,"failureMessages":[],"meta":{},"tags":[]},{"ancestorTitles":["ANIM-IDLE-02: a SAVED animation creates a real idle loop"],"fullName":"ANIM-IDLE-02: a SAVED animation creates a real idle loop emits animate_<name>(), calls it from _vams_idle, and registers glutIdleFunc","status":"passed","title":"emits animate_<name>(), calls it from _vams_idle, and registers glutIdleFunc","duration":20.582200000000284,"failureMessages":[],"meta":{},"tags":[]},{"ancestorTitles":["ANIM-IDLE-03: a saved animation composes with a registered idle handler"],"fullName":"ANIM-IDLE-03: a saved animation composes with a registered idle handler calls both the animator and the student handler, animator first","status":"passed","title":"calls both the animator and the student handler, animator first","duration":9.434399999999641,"failureMessages":[],"meta":{},"tags":[]},{"ancestorTitles":["ANIM-IDLE-04: the transient preview override reflects in code, never persists"],"fullName":"ANIM-IDLE-04: the transient preview override reflects in code, never persists previewAnimation changes the generated code but not the saved project","status":"passed","title":"previewAnimation changes the generated code but not the saved project","duration":7.644900000000234,"failureMessages":[],"meta":{},"tags":[]},{"ancestorTitles":["ANIM-IDLE-05: multiple saved animations each get their own animator"],"fullName":"ANIM-IDLE-05: multiple saved animations each get their own animator emits one animate_<name>() per animated object, all called from _vams_idle","status":"passed","title":"emits one animate_<name>() per animated object, all called from _vams_idle","duration":3.3023000000002867,"failureMessages":[],"meta":{},"tags":[]}],"startTime":1789090767917,"endTime":1789090767966.3022,"status":"passed","message":"","name":"C:/Users/gomez/repos/THESIS/v.a.m.s/tests/white-box/animation-idle-injection.test.ts"},{"assertionResults":[{"ancestorTitles":["ANIM-WB-01: every motion returns the exact baseline at phase zero"],"fullName":"ANIM-WB-01: every motion returns the exact baseline at phase zero motion \"rotate\" is identity at elapsed 0","status":"passed","title":"motion \"rotate\" is identity at elapsed 0","duration":6.711499999999887,"failureMessages":[],"meta":{},"tags":[]},{"ancestorTitles":["ANIM-WB-01: every motion returns the exact baseline at phase zero"],"fullName":"ANIM-WB-01: every motion returns the exact baseline at phase zero motion \"pulse\" is identity at elapsed 0","status":"passed","title":"motion \"pulse\" is identity at elapsed 0","duration":1.1873999999997977,"failureMessages":[],"meta":{},"tags":[]},{"ancestorTitles":["ANIM-WB-01: every motion returns the exact baseline at phase zero"],"fullName":"ANIM-WB-01: every motion returns the exact baseline at phase zero motion \"slide\" is identity at elapsed 0","status":"passed","title":"motion \"slide\" is identity at elapsed 0","duration":0.6954000000000633,"failureMessages":[],"meta":{},"tags":[]},{"ancestorTitles":["ANIM-WB-01: every motion returns the exact baseline at phase zero"],"fullName":"ANIM-WB-01: every motion returns the exact baseline at phase zero motion \"orbit\" is identity at elapsed 0","status":"passed","title":"motion \"orbit\" is identity at elapsed 0","duration":0.6626000000001113,"failureMessages":[],"meta":{},"tags":[]},{"ancestorTitles":["ANIM-WB-02: cycle phase wraps into [0, 1)"],"fullName":"ANIM-WB-02: cycle phase wraps into [0, 1) phase is fractional and never reaches 1","status":"passed","title":"phase is fractional and never reaches 1","duration":1.5475000000001273,"failureMessages":[],"meta":{},"tags":[]},{"ancestorTitles":["ANIM-WB-03: a full cycle returns to the baseline pose"],"fullName":"ANIM-WB-03: a full cycle returns to the baseline pose motion \"rotate\" at one full cycle equals baseline","status":"passed","title":"motion \"rotate\" at one full cycle equals baseline","duration":0.7426000000000386,"failureMessages":[],"meta":{},"tags":[]},{"ancestorTitles":["ANIM-WB-03: a full cycle returns to the baseline pose"],"fullName":"ANIM-WB-03: a full cycle returns to the baseline pose motion \"pulse\" at one full cycle equals baseline","status":"passed","title":"motion \"pulse\" at one full cycle equals baseline","duration":0.6703000000002248,"failureMessages":[],"meta":{},"tags":[]},{"ancestorTitles":["ANIM-WB-03: a full cycle returns to the baseline pose"],"fullName":"ANIM-WB-03: a full cycle returns to the baseline pose motion \"slide\" at one full cycle equals baseline","status":"passed","title":"motion \"slide\" at one full cycle equals baseline","duration":0.49710000000004584,"failureMessages":[],"meta":{},"tags":[]},{"ancestorTitles":["ANIM-WB-03: a full cycle returns to the baseline pose"],"fullName":"ANIM-WB-03: a full cycle returns to the baseline pose motion \"orbit\" at one full cycle equals baseline","status":"passed","title":"motion \"orbit\" at one full cycle equals baseline","duration":0.9045999999998457,"failureMessages":[],"meta":{},"tags":[]},{"ancestorTitles":["ANIM-WB-04: baseline is captured from state and restored exactly on stop"],"fullName":"ANIM-WB-04: baseline is captured from state and restored exactly on stop snaps the display back to the saved transform, untouched store","status":"passed","title":"snaps the display back to the saved transform, untouched store","duration":5.591499999999996,"failureMessages":[],"meta":{},"tags":[]},{"ancestorTitles":["ANIM-WB-05: the frame loop is cancelled on stop and on cleanup"],"fullName":"ANIM-WB-05: the frame loop is cancelled on stop and on cleanup stop() cancels the pending animation frame","status":"passed","title":"stop() cancels the pending animation frame","duration":1.4273000000002867,"failureMessages":[],"meta":{},"tags":[]},{"ancestorTitles":["ANIM-WB-05: the frame loop is cancelled on stop and on cleanup"],"fullName":"ANIM-WB-05: the frame loop is cancelled on stop and on cleanup cleanup() stops an active preview","status":"passed","title":"cleanup() stops an active preview","duration":1.1773000000002867,"failureMessages":[],"meta":{},"tags":[]},{"ancestorTitles":["ANIM-WB-06: idle-callback generation is deterministic"],"fullName":"ANIM-WB-06: idle-callback generation is deterministic motion \"rotate\" yields identical output across calls","status":"passed","title":"motion \"rotate\" yields identical output across calls","duration":2.2695000000003347,"failureMessages":[],"meta":{},"tags":[]},{"ancestorTitles":["ANIM-WB-06: idle-callback generation is deterministic"],"fullName":"ANIM-WB-06: idle-callback generation is deterministic motion \"pulse\" yields identical output across calls","status":"passed","title":"motion \"pulse\" yields identical output across calls","duration":3.8722999999999956,"failureMessages":[],"meta":{},"tags":[]},{"ancestorTitles":["ANIM-WB-06: idle-callback generation is deterministic"],"fullName":"ANIM-WB-06: idle-callback generation is deterministic motion \"slide\" yields identical output across calls","status":"passed","title":"motion \"slide\" yields identical output across calls","duration":1.2163000000000466,"failureMessages":[],"meta":{},"tags":[]},{"ancestorTitles":["ANIM-WB-06: idle-callback generation is deterministic"],"fullName":"ANIM-WB-06: idle-callback generation is deterministic motion \"orbit\" yields identical output across calls","status":"passed","title":"motion \"orbit\" yields identical output across calls","duration":0.4869000000003325,"failureMessages":[],"meta":{},"tags":[]},{"ancestorTitles":["ANIM-WB-06: idle-callback generation is deterministic"],"fullName":"ANIM-WB-06: idle-callback generation is deterministic the highlighted line is a transform call on the object state struct","status":"passed","title":"the highlighted line is a transform call on the object state struct","duration":0.9765999999999622,"failureMessages":[],"meta":{},"tags":[]},{"ancestorTitles":["ANIM-WB-06: idle-callback generation is deterministic"],"fullName":"ANIM-WB-06: idle-callback generation is deterministic the per-frame step scales linearly with playback speed","status":"passed","title":"the per-frame step scales linearly with playback speed","duration":1.1505999999999403,"failureMessages":[],"meta":{},"tags":[]}],"startTime":1789090767821,"endTime":1789090767854.1506,"status":"passed","message":"","name":"C:/Users/gomez/repos/THESIS/v.a.m.s/tests/white-box/animation-preview-internals.test.ts"},{"assertionResults":[{"ancestorTitles":["WB-GEN-BUF-01: VERTEX_ARRAY mode emits glDrawArrays"],"fullName":"WB-GEN-BUF-01: VERTEX_ARRAY mode emits glDrawArrays switches the body from glBegin/glEnd to glEnableClientState + glDrawArrays","status":"passed","title":"switches the body from glBegin/glEnd to glEnableClientState + glDrawArrays","duration":14.902600000000348,"failureMessages":[],"meta":{},"tags":[]},{"ancestorTitles":["WB-GEN-BUF-02: VBO mode emits glGenBuffers / glBufferData"],"fullName":"WB-GEN-BUF-02: VBO mode emits glGenBuffers / glBufferData emits buffer object setup in init() and bind/draw in the draw body","status":"passed","title":"emits buffer object setup in init() and bind/draw in the draw body","duration":3.9621000000001914,"failureMessages":[],"meta":{},"tags":[]},{"ancestorTitles":["WB-GEN-BUF-03: VBO + DYNAMIC usage generates update_buffers()"],"fullName":"WB-GEN-BUF-03: VBO + DYNAMIC usage generates update_buffers() emits update_buffers() and glutIdleFunc(_vams_idle)","status":"passed","title":"emits update_buffers() and glutIdleFunc(_vams_idle)","duration":3.241899999999987,"failureMessages":[],"meta":{},"tags":[]},{"ancestorTitles":["WB-GEN-BUF-04: STREAM usage maps to GL_STREAM_DRAW"],"fullName":"WB-GEN-BUF-04: STREAM usage maps to GL_STREAM_DRAW emits GL_STREAM_DRAW for STREAM-marked objects","status":"passed","title":"emits GL_STREAM_DRAW for STREAM-marked objects","duration":4.047199999999975,"failureMessages":[],"meta":{},"tags":[]},{"ancestorTitles":["WB-GEN-BUF-05: useIndexed switches to glDrawElements"],"fullName":"WB-GEN-BUF-05: useIndexed switches to glDrawElements emits an index buffer and draws via glDrawElements","status":"passed","title":"emits an index buffer and draws via glDrawElements","duration":2.6748999999999796,"failureMessages":[],"meta":{},"tags":[]},{"ancestorTitles":["WB-GEN-BUF-06: Texture attachments emit STB_IMAGE include + bind/enable"],"fullName":"WB-GEN-BUF-06: Texture attachments emit STB_IMAGE include + bind/enable emits the texture-init body when a texture is attached","status":"passed","title":"emits the texture-init body when a texture is attached","duration":3.415100000000166,"failureMessages":[],"meta":{},"tags":[]},{"ancestorTitles":["WB-GEN-BUF-06: Texture attachments emit STB_IMAGE include + bind/enable"],"fullName":"WB-GEN-BUF-06: Texture attachments emit STB_IMAGE include + bind/enable NEAREST filter, CLAMP_TO_EDGE wrap appear in glTexParameteri calls","status":"passed","title":"NEAREST filter, CLAMP_TO_EDGE wrap appear in glTexParameteri calls","duration":5.871399999999994,"failureMessages":[],"meta":{},"tags":[]},{"ancestorTitles":["WB-GEN-BUF-07: Stipple emission in the draw body"],"fullName":"WB-GEN-BUF-07: Stipple emission in the draw body emits glEnable(GL_LINE_STIPPLE) and glLineStipple with hex pattern","status":"passed","title":"emits glEnable(GL_LINE_STIPPLE) and glLineStipple with hex pattern","duration":5.675999999999931,"failureMessages":[],"meta":{},"tags":[]}],"startTime":1789090767890,"endTime":1789090767934.676,"status":"passed","message":"","name":"C:/Users/gomez/repos/THESIS/v.a.m.s/tests/white-box/code-generation-buffers.test.ts"},{"assertionResults":[{"ancestorTitles":["WB-GEN-01: sanitizeName produces valid C identifiers"],"fullName":"WB-GEN-01: sanitizeName produces valid C identifiers sanitizes %p to %p","status":"passed","title":"sanitizes %p to %p","duration":6.45679999999993,"failureMessages":[],"meta":{},"tags":[]},{"ancestorTitles":["WB-GEN-01: sanitizeName produces valid C identifiers"],"fullName":"WB-GEN-01: sanitizeName produces valid C identifiers sanitizes %p to %p","status":"passed","title":"sanitizes %p to %p","duration":0.7649000000001251,"failureMessages":[],"meta":{},"tags":[]},{"ancestorTitles":["WB-GEN-01: sanitizeName produces valid C identifiers"],"fullName":"WB-GEN-01: sanitizeName produces valid C identifiers sanitizes %p to %p","status":"passed","title":"sanitizes %p to %p","duration":1.4420000000000073,"failureMessages":[],"meta":{},"tags":[]},{"ancestorTitles":["WB-GEN-01: sanitizeName produces valid C identifiers"],"fullName":"WB-GEN-01: sanitizeName produces valid C identifiers sanitizes %p to %p","status":"passed","title":"sanitizes %p to %p","duration":0.5043000000000575,"failureMessages":[],"meta":{},"tags":[]},{"ancestorTitles":["WB-GEN-01: sanitizeName produces valid C identifiers"],"fullName":"WB-GEN-01: sanitizeName produces valid C identifiers sanitizes %p to %p","status":"passed","title":"sanitizes %p to %p","duration":0.4812000000001717,"failureMessages":[],"meta":{},"tags":[]},{"ancestorTitles":["WB-GEN-01: sanitizeName produces valid C identifiers"],"fullName":"WB-GEN-01: sanitizeName produces valid C identifiers sanitizes %p to %p","status":"passed","title":"sanitizes %p to %p","duration":0.327900000000227,"failureMessages":[],"meta":{},"tags":[]},{"ancestorTitles":["WB-GEN-02: Color hex → glColor conversions"],"fullName":"WB-GEN-02: Color hex → glColor conversions hexToGlColor produces a 0..1 float triple","status":"passed","title":"hexToGlColor produces a 0..1 float triple","duration":1.0072999999997592,"failureMessages":[],"meta":{},"tags":[]},{"ancestorTitles":["WB-GEN-02: Color hex → glColor conversions"],"fullName":"WB-GEN-02: Color hex → glColor conversions hexToGlByteColor produces an integer 0..255 triple","status":"passed","title":"hexToGlByteColor produces an integer 0..255 triple","duration":0.5554999999999382,"failureMessages":[],"meta":{},"tags":[]},{"ancestorTitles":["WB-GEN-03: getGlPrimitive maps every primitive"],"fullName":"WB-GEN-03: getGlPrimitive maps every primitive returns the matching GL enum string","status":"passed","title":"returns the matching GL enum string","duration":2.1984999999999673,"failureMessages":[],"meta":{},"tags":[]},{"ancestorTitles":["WB-GEN-04: Deterministic output — same input always produces the same string"],"fullName":"WB-GEN-04: Deterministic output — same input always produces the same string two consecutive generations of the same scene match byte-for-byte","status":"passed","title":"two consecutive generations of the same scene match byte-for-byte","duration":11.358999999999924,"failureMessages":[],"meta":{},"tags":[]},{"ancestorTitles":["WB-GEN-04: Deterministic output — same input always produces the same string"],"fullName":"WB-GEN-04: Deterministic output — same input always produces the same string a no-op scene mutation that resolves to the same state produces the same output","status":"passed","title":"a no-op scene mutation that resolves to the same state produces the same output","duration":2.391899999999623,"failureMessages":[],"meta":{},"tags":[]},{"ancestorTitles":["WB-GEN-05: Balanced glBegin/glEnd pairs across mixed scenes"],"fullName":"WB-GEN-05: Balanced glBegin/glEnd pairs across mixed scenes every primitive emits exactly one glBegin and one glEnd","status":"passed","title":"every primitive emits exactly one glBegin and one glEnd","duration":7.672100000000228,"failureMessages":[],"meta":{},"tags":[]},{"ancestorTitles":["WB-GEN-06: Branching by node type — TEXT vs GROUP vs GEOMETRIC"],"fullName":"WB-GEN-06: Branching by node type — TEXT vs GROUP vs GEOMETRIC TEXT nodes do NOT emit glBegin","status":"passed","title":"TEXT nodes do NOT emit glBegin","duration":5.299999999999727,"failureMessages":[],"meta":{},"tags":[]},{"ancestorTitles":["WB-GEN-06: Branching by node type — TEXT vs GROUP vs GEOMETRIC"],"fullName":"WB-GEN-06: Branching by node type — TEXT vs GROUP vs GEOMETRIC GROUP nodes do NOT emit glBegin themselves; their children do","status":"passed","title":"GROUP nodes do NOT emit glBegin themselves; their children do","duration":7.116399999999885,"failureMessages":[],"meta":{},"tags":[]},{"ancestorTitles":["WB-GEN-07: Required headers are always emitted"],"fullName":"WB-GEN-07: Required headers are always emitted contains GL/glew.h, GL/freeglut.h, and cmath","status":"passed","title":"contains GL/glew.h, GL/freeglut.h, and cmath","duration":1.0800999999996748,"failureMessages":[],"meta":{},"tags":[]},{"ancestorTitles":["WB-GEN-08: Vertex data conversion uses 4-decimal precision"],"fullName":"WB-GEN-08: Vertex data conversion uses 4-decimal precision emits glVertex2f with exactly 4 fractional digits","status":"passed","title":"emits glVertex2f with exactly 4 fractional digits","duration":1.0412999999998647,"failureMessages":[],"meta":{},"tags":[]},{"ancestorTitles":["WB-GEN-09: Indentation is consistent and predictable"],"fullName":"WB-GEN-09: Indentation is consistent and predictable inner emission lines start with 4 or 8 spaces","status":"passed","title":"inner emission lines start with 4 or 8 spaces","duration":9.55600000000004,"failureMessages":[],"meta":{},"tags":[]},{"ancestorTitles":["WB-GEN-10: ortho/viewport limits flow into glOrtho"],"fullName":"WB-GEN-10: ortho/viewport limits flow into glOrtho emits the configured viewport limits as the glOrtho arguments","status":"passed","title":"emits the configured viewport limits as the glOrtho arguments","duration":1.151600000000144,"failureMessages":[],"meta":{},"tags":[]}],"startTime":1789090767895,"endTime":1789090767957.1516,"status":"passed","message":"","name":"C:/Users/gomez/repos/THESIS/v.a.m.s/tests/white-box/code-generation-service.test.ts"},{"assertionResults":[{"ancestorTitles":["confirm store"],"fullName":"confirm store opens with the provided options","status":"passed","title":"opens with the provided options","duration":2.6276999999998907,"failureMessages":[],"meta":{},"tags":[]},{"ancestorTitles":["confirm store"],"fullName":"confirm store resolves true when confirmed and closes","status":"passed","title":"resolves true when confirmed and closes","duration":1.046100000000024,"failureMessages":[],"meta":{},"tags":[]},{"ancestorTitles":["confirm store"],"fullName":"confirm store resolves false when cancelled and closes","status":"passed","title":"resolves false when cancelled and closes","duration":0.40059999999994034,"failureMessages":[],"meta":{},"tags":[]}],"startTime":1789090768812,"endTime":1789090768816.4006,"status":"passed","message":"","name":"C:/Users/gomez/repos/THESIS/v.a.m.s/tests/white-box/confirm-dialog.test.ts"},{"assertionResults":[{"ancestorTitles":["WB-ERR-01: Empty-scene code generation does not crash"],"fullName":"WB-ERR-01: Empty-scene code generation does not crash emits a complete main() with an Empty-scene comment","status":"passed","title":"emits a complete main() with an Empty-scene comment","duration":7.5534999999999854,"failureMessages":[],"meta":{},"tags":[]},{"ancestorTitles":["WB-ERR-02: Operations on unknown ids are no-ops"],"fullName":"WB-ERR-02: Operations on unknown ids are no-ops deleteObject on a non-existent id leaves the scene alone","status":"passed","title":"deleteObject on a non-existent id leaves the scene alone","duration":6.544300000000021,"failureMessages":[],"meta":{},"tags":[]},{"ancestorTitles":["WB-ERR-02: Operations on unknown ids are no-ops"],"fullName":"WB-ERR-02: Operations on unknown ids are no-ops updateObjectTransform on a non-existent id leaves the scene alone","status":"passed","title":"updateObjectTransform on a non-existent id leaves the scene alone","duration":3.873099999999795,"failureMessages":[],"meta":{},"tags":[]},{"ancestorTitles":["WB-ERR-02: Operations on unknown ids are no-ops"],"fullName":"WB-ERR-02: Operations on unknown ids are no-ops updateVertexPosition on a non-existent vertex is a no-op","status":"passed","title":"updateVertexPosition on a non-existent vertex is a no-op","duration":1.169300000000021,"failureMessages":[],"meta":{},"tags":[]},{"ancestorTitles":["WB-ERR-03: Single-vertex shape still renders"],"fullName":"WB-ERR-03: Single-vertex shape still renders a POINTS object with one vertex generates code without errors","status":"passed","title":"a POINTS object with one vertex generates code without errors","duration":5.495400000000245,"failureMessages":[],"meta":{},"tags":[]},{"ancestorTitles":["WB-ERR-04: Deeply nested groups (10 levels)"],"fullName":"WB-ERR-04: Deeply nested groups (10 levels) does not stack-overflow or hang","status":"passed","title":"does not stack-overflow or hang","duration":17.829199999999673,"failureMessages":[],"meta":{},"tags":[]},{"ancestorTitles":["WB-ERR-05: Very long callback handler names are accepted"],"fullName":"WB-ERR-05: Very long callback handler names are accepted handlers up to 256 chars are emitted verbatim","status":"passed","title":"handlers up to 256 chars are emitted verbatim","duration":3.878099999999904,"failureMessages":[],"meta":{},"tags":[]},{"ancestorTitles":["WB-ERR-06: Range checks reject NaN / Infinity transforms"],"fullName":"WB-ERR-06: Range checks reject NaN / Infinity transforms a sanitised transform replaces non-finite values with defaults","status":"passed","title":"a sanitised transform replaces non-finite values with defaults","duration":6.406999999999698,"failureMessages":[],"meta":{},"tags":[]},{"ancestorTitles":["WB-ERR-07: Cycle prevention in reorderObject"],"fullName":"WB-ERR-07: Cycle prevention in reorderObject reordering an ancestor into its descendant is rejected","status":"passed","title":"reordering an ancestor into its descendant is rejected","duration":8.32890000000043,"failureMessages":[],"meta":{},"tags":[]},{"ancestorTitles":["WB-ERR-08: An invalid project payload yields a valid default project"],"fullName":"WB-ERR-08: An invalid project payload yields a valid default project null payload, undefined payload, primitive payloads all map to defaults","status":"passed","title":"null payload, undefined payload, primitive payloads all map to defaults","duration":2.465700000000197,"failureMessages":[],"meta":{},"tags":[]}],"startTime":1789090767898,"endTime":1789090767963.4658,"status":"passed","message":"","name":"C:/Users/gomez/repos/THESIS/v.a.m.s/tests/white-box/error-handling.test.ts"},{"assertionResults":[{"ancestorTitles":["WB-LESSON-01: Setting a lesson backs up scene + callbacks + viewport + bg"],"fullName":"WB-LESSON-01: Setting a lesson backs up scene + callbacks + viewport + bg captures the four backup fields and resets the working state","status":"passed","title":"captures the four backup fields and resets the working state","duration":4.940399999999954,"failureMessages":[],"meta":{},"tags":[]},{"ancestorTitles":["WB-LESSON-02: clearLessonState restores every backed-up field byte-for-byte"],"fullName":"WB-LESSON-02: clearLessonState restores every backed-up field byte-for-byte the four backup slots are mirrored back onto the live store","status":"passed","title":"the four backup slots are mirrored back onto the live store","duration":2.156500000000051,"failureMessages":[],"meta":{},"tags":[]},{"ancestorTitles":["WB-LESSON-03: setActiveLesson is idempotent when an entry lesson is already active"],"fullName":"WB-LESSON-03: setActiveLesson is idempotent when an entry lesson is already active a second call with a non-null id does NOT clobber sceneBackup","status":"passed","title":"a second call with a non-null id does NOT clobber sceneBackup","duration":0.8050000000000637,"failureMessages":[],"meta":{},"tags":[]},{"ancestorTitles":["WB-LESSON-04: Lesson step actions interoperate with batch mode"],"fullName":"WB-LESSON-04: Lesson step actions interoperate with batch mode actions running inside startBatch do not multiply history entries","status":"passed","title":"actions running inside startBatch do not multiply history entries","duration":0.9040999999999713,"failureMessages":[],"meta":{},"tags":[]},{"ancestorTitles":["WB-LESSON-05: Faulty lesson data is tolerated"],"fullName":"WB-LESSON-05: Faulty lesson data is tolerated unknown lesson id resolves to undefined","status":"passed","title":"unknown lesson id resolves to undefined","duration":0.33789999999999054,"failureMessages":[],"meta":{},"tags":[]},{"ancestorTitles":["WB-LESSON-05: Faulty lesson data is tolerated"],"fullName":"WB-LESSON-05: Faulty lesson data is tolerated setActiveLesson with an unknown id still mutates the active id field","status":"passed","title":"setActiveLesson with an unknown id still mutates the active id field","duration":0.8437999999999874,"failureMessages":[],"meta":{},"tags":[]},{"ancestorTitles":["WB-LESSON-06: Every successCheck reads only from VamsState"],"fullName":"WB-LESSON-06: Every successCheck reads only from VamsState does not throw across the entire registry","status":"passed","title":"does not throw across the entire registry","duration":0.7822999999999638,"failureMessages":[],"meta":{},"tags":[]}],"startTime":1789090768825,"endTime":1789090768835.7822,"status":"passed","message":"","name":"C:/Users/gomez/repos/THESIS/v.a.m.s/tests/white-box/lesson-engine-internals.test.ts"},{"assertionResults":[{"ancestorTitles":["WB-MATRIX-01: Identity transform yields the identity matrix"],"fullName":"WB-MATRIX-01: Identity transform yields the identity matrix translate=0, rotate=0, scale=1 → identity","status":"passed","title":"translate=0, rotate=0, scale=1 → identity","duration":1.8158999999999423,"failureMessages":[],"meta":{},"tags":[]},{"ancestorTitles":["WB-MATRIX-02: Pure translation moves points by exactly (tx, ty)"],"fullName":"WB-MATRIX-02: Pure translation moves points by exactly (tx, ty) a point at the origin transforms to (tx, ty)","status":"passed","title":"a point at the origin transforms to (tx, ty)","duration":0.4920999999999367,"failureMessages":[],"meta":{},"tags":[]},{"ancestorTitles":["WB-MATRIX-03: Rotation by 90 deg sends (1, 0) → (0, 1)"],"fullName":"WB-MATRIX-03: Rotation by 90 deg sends (1, 0) → (0, 1) positive rotation is counter-clockwise","status":"passed","title":"positive rotation is counter-clockwise","duration":0.33160000000009404,"failureMessages":[],"meta":{},"tags":[]},{"ancestorTitles":["WB-MATRIX-04: Scaling multiplies each coordinate by its factor"],"fullName":"WB-MATRIX-04: Scaling multiplies each coordinate by its factor non-uniform scale scales x and y independently","status":"passed","title":"non-uniform scale scales x and y independently","duration":0.22820000000001528,"failureMessages":[],"meta":{},"tags":[]},{"ancestorTitles":["WB-MATRIX-05: World = Parent × Local is composition-correct"],"fullName":"WB-MATRIX-05: World = Parent × Local is composition-correct applying Parent then Local equals multiplying their matrices first","status":"passed","title":"applying Parent then Local equals multiplying their matrices first","duration":0.3468000000000302,"failureMessages":[],"meta":{},"tags":[]},{"ancestorTitles":["WB-MATRIX-06: High precision is maintained at large coordinate scales"],"fullName":"WB-MATRIX-06: High precision is maintained at large coordinate scales round-trip of a 1e6-scale point has sub-pixel relative error","status":"passed","title":"round-trip of a 1e6-scale point has sub-pixel relative error","duration":0.7479999999999336,"failureMessages":[],"meta":{},"tags":[]},{"ancestorTitles":["WB-MATRIX-07: Rotation order does not commute with non-uniform scale"],"fullName":"WB-MATRIX-07: Rotation order does not commute with non-uniform scale R∘S and S∘R produce different matrices","status":"passed","title":"R∘S and S∘R produce different matrices","duration":0.2923000000000684,"failureMessages":[],"meta":{},"tags":[]}],"startTime":1789090768820,"endTime":1789090768825.2922,"status":"passed","message":"","name":"C:/Users/gomez/repos/THESIS/v.a.m.s/tests/white-box/matrix-engine.test.ts"},{"assertionResults":[{"ancestorTitles":["WB-PERSIST-01: buildProjectFile produces a v7 envelope"],"fullName":"WB-PERSIST-01: buildProjectFile produces a v7 envelope contains app, schemaVersion, exportedAt and data","status":"passed","title":"contains app, schemaVersion, exportedAt and data","duration":4.668800000000033,"failureMessages":[],"meta":{},"tags":[]},{"ancestorTitles":["WB-PERSIST-02: sanitizeProjectData restores defaults for missing fields"],"fullName":"WB-PERSIST-02: sanitizeProjectData restores defaults for missing fields a {} payload yields a fully populated default project","status":"passed","title":"a {} payload yields a fully populated default project","duration":1.5386999999999489,"failureMessages":[],"meta":{},"tags":[]},{"ancestorTitles":["WB-PERSIST-03: sanitizeProjectData clamps numeric ranges"],"fullName":"WB-PERSIST-03: sanitizeProjectData clamps numeric ranges lineWidth outside [0.5..20] is clamped to that range","status":"passed","title":"lineWidth outside [0.5..20] is clamped to that range","duration":0.7626000000000204,"failureMessages":[],"meta":{},"tags":[]},{"ancestorTitles":["WB-PERSIST-03: sanitizeProjectData clamps numeric ranges"],"fullName":"WB-PERSIST-03: sanitizeProjectData clamps numeric ranges stipple factor is clamped to 1..256","status":"passed","title":"stipple factor is clamped to 1..256","duration":0.3428000000000111,"failureMessages":[],"meta":{},"tags":[]},{"ancestorTitles":["WB-PERSIST-04: Round-trip preserves object identity, transform and vertices"],"fullName":"WB-PERSIST-04: Round-trip preserves object identity, transform and vertices a non-trivial scene round-trips losslessly through JSON","status":"passed","title":"a non-trivial scene round-trips losslessly through JSON","duration":1.7921999999999798,"failureMessages":[],"meta":{},"tags":[]},{"ancestorTitles":["WB-PERSIST-05: Older schemas — isVisible → visible, childIds → children"],"fullName":"WB-PERSIST-05: Older schemas — isVisible → visible, childIds → children translates legacy isVisible to the modern visible field","status":"passed","title":"translates legacy isVisible to the modern visible field","duration":0.3629999999999427,"failureMessages":[],"meta":{},"tags":[]},{"ancestorTitles":["WB-PERSIST-05: Older schemas — isVisible → visible, childIds → children"],"fullName":"WB-PERSIST-05: Older schemas — isVisible → visible, childIds → children translates legacy childIds to the modern children field","status":"passed","title":"translates legacy childIds to the modern children field","duration":0.49459999999999127,"failureMessages":[],"meta":{},"tags":[]},{"ancestorTitles":["WB-PERSIST-06: Malformed nested data does not crash"],"fullName":"WB-PERSIST-06: Malformed nested data does not crash non-array vertices become an empty array","status":"passed","title":"non-array vertices become an empty array","duration":0.30599999999992633,"failureMessages":[],"meta":{},"tags":[]},{"ancestorTitles":["WB-PERSIST-06: Malformed nested data does not crash"],"fullName":"WB-PERSIST-06: Malformed nested data does not crash non-array uploadedTextures becomes []","status":"passed","title":"non-array uploadedTextures becomes []","duration":0.36580000000003565,"failureMessages":[],"meta":{},"tags":[]},{"ancestorTitles":["WB-PERSIST-06: Malformed nested data does not crash"],"fullName":"WB-PERSIST-06: Malformed nested data does not crash a dataUrl not starting with data:image/ is dropped","status":"passed","title":"a dataUrl not starting with data:image/ is dropped","duration":0.38419999999996435,"failureMessages":[],"meta":{},"tags":[]},{"ancestorTitles":["WB-PERSIST-07: toStorePatchFromProject is a Partial<VamsState>"],"fullName":"WB-PERSIST-07: toStorePatchFromProject is a Partial<VamsState> does not expose history or batch flags (those are runtime-only)","status":"passed","title":"does not expose history or batch flags (those are runtime-only)","duration":0.6377999999999702,"failureMessages":[],"meta":{},"tags":[]}],"startTime":1789090768699,"endTime":1789090768710.6377,"status":"passed","message":"","name":"C:/Users/gomez/repos/THESIS/v.a.m.s/tests/white-box/persistence-manager.test.ts"},{"assertionResults":[{"ancestorTitles":["WB-TRAVERSE-01: Parent-child relationships propagate consistently"],"fullName":"WB-TRAVERSE-01: Parent-child relationships propagate consistently a grouped child reports its parent id","status":"passed","title":"a grouped child reports its parent id","duration":4.585399999999936,"failureMessages":[],"meta":{},"tags":[]},{"ancestorTitles":["WB-TRAVERSE-02: deleteObject cleans the parent.children array"],"fullName":"WB-TRAVERSE-02: deleteObject cleans the parent.children array when a child is deleted, the parent does not reference its old id","status":"passed","title":"when a child is deleted, the parent does not reference its old id","duration":2.0132999999999583,"failureMessages":[],"meta":{},"tags":[]},{"ancestorTitles":["WB-TRAVERSE-03: Circular reorder is rejected"],"fullName":"WB-TRAVERSE-03: Circular reorder is rejected reorderObject refuses to move a parent inside its own descendant","status":"passed","title":"reorderObject refuses to move a parent inside its own descendant","duration":1.8074000000000296,"failureMessages":[],"meta":{},"tags":[]},{"ancestorTitles":["WB-TRAVERSE-04: Group children property mirrors actual parent links"],"fullName":"WB-TRAVERSE-04: Group children property mirrors actual parent links every entry in group.children has parentId === group.id","status":"passed","title":"every entry in group.children has parentId === group.id","duration":1.0369999999999209,"failureMessages":[],"meta":{},"tags":[]},{"ancestorTitles":["WB-TRAVERSE-05: Visibility propagation visits every descendant"],"fullName":"WB-TRAVERSE-05: Visibility propagation visits every descendant hiding the outer group hides nested children at every level","status":"passed","title":"hiding the outer group hides nested children at every level","duration":2.153500000000008,"failureMessages":[],"meta":{},"tags":[]}],"startTime":1789090768719,"endTime":1789090768731.1536,"status":"passed","message":"","name":"C:/Users/gomez/repos/THESIS/v.a.m.s/tests/white-box/scene-graph-traversal.test.ts"},{"assertionResults":[{"ancestorTitles":["WB-STATE-01: Create / Read / Update / Delete on the scene slice"],"fullName":"WB-STATE-01: Create / Read / Update / Delete on the scene slice addCustomObject inserts at the head and selects the new object","status":"passed","title":"addCustomObject inserts at the head and selects the new object","duration":14.3445999999999,"failureMessages":[],"meta":{},"tags":[]},{"ancestorTitles":["WB-STATE-01: Create / Read / Update / Delete on the scene slice"],"fullName":"WB-STATE-01: Create / Read / Update / Delete on the scene slice updateObjectName replaces just the name field","status":"passed","title":"updateObjectName replaces just the name field","duration":2.5765000000001237,"failureMessages":[],"meta":{},"tags":[]},{"ancestorTitles":["WB-STATE-01: Create / Read / Update / Delete on the scene slice"],"fullName":"WB-STATE-01: Create / Read / Update / Delete on the scene slice deleteObject removes the entry and clears the selection if needed","status":"passed","title":"deleteObject removes the entry and clears the selection if needed","duration":4.43309999999974,"failureMessages":[],"meta":{},"tags":[]},{"ancestorTitles":["WB-STATE-01: Create / Read / Update / Delete on the scene slice"],"fullName":"WB-STATE-01: Create / Read / Update / Delete on the scene slice duplicateObject creates a new id but copies the vertex topology","status":"passed","title":"duplicateObject creates a new id but copies the vertex topology","duration":5.065599999999904,"failureMessages":[],"meta":{},"tags":[]},{"ancestorTitles":["WB-STATE-02: Object array references change when we mutate (immutability)"],"fullName":"WB-STATE-02: Object array references change when we mutate (immutability) the objects array reference changes after an update","status":"passed","title":"the objects array reference changes after an update","duration":3.145599999999831,"failureMessages":[],"meta":{},"tags":[]},{"ancestorTitles":["WB-STATE-02: Object array references change when we mutate (immutability)"],"fullName":"WB-STATE-02: Object array references change when we mutate (immutability) a deleted object is gone from the new array (no lingering references)","status":"passed","title":"a deleted object is gone from the new array (no lingering references)","duration":1.0212000000001353,"failureMessages":[],"meta":{},"tags":[]},{"ancestorTitles":["WB-STATE-03: Selection state stays consistent with the scene"],"fullName":"WB-STATE-03: Selection state stays consistent with the scene selection is cleared when the selected object is deleted","status":"passed","title":"selection is cleared when the selected object is deleted","duration":1.0132999999996173,"failureMessages":[],"meta":{},"tags":[]},{"ancestorTitles":["WB-STATE-04: Batch mode suppresses history pushes"],"fullName":"WB-STATE-04: Batch mode suppresses history pushes updates inside a startBatch/endBatch block do not push history","status":"passed","title":"updates inside a startBatch/endBatch block do not push history","duration":2.004599999999755,"failureMessages":[],"meta":{},"tags":[]},{"ancestorTitles":["WB-STATE-05: Slices wire together without colliding on keys"],"fullName":"WB-STATE-05: Slices wire together without colliding on keys all expected top-level slice keys are present on the unified store","status":"passed","title":"all expected top-level slice keys are present on the unified store","duration":1.6875,"failureMessages":[],"meta":{},"tags":[]},{"ancestorTitles":["WB-STATE-06: getRegisteredCallbacks reads from the callbacks slice"],"fullName":"WB-STATE-06: getRegisteredCallbacks reads from the callbacks slice returns only non-empty handlers, trimmed","status":"passed","title":"returns only non-empty handlers, trimmed","duration":2.3578999999999724,"failureMessages":[],"meta":{},"tags":[]},{"ancestorTitles":["WB-STATE-07: History undo/redo round-trips a single mutation"],"fullName":"WB-STATE-07: History undo/redo round-trips a single mutation undo restores the previous object set after the throttle window","status":"passed","title":"undo restores the previous object set after the throttle window","duration":85.096,"failureMessages":[],"meta":{},"tags":[]},{"ancestorTitles":["WB-STATE-07: History undo/redo round-trips a single mutation"],"fullName":"WB-STATE-07: History undo/redo round-trips a single mutation redo undoes the undo","status":"passed","title":"redo undoes the undo","duration":92.03470000000016,"failureMessages":[],"meta":{},"tags":[]},{"ancestorTitles":["WB-STATE-08: Reset & rehydration clear all transient state"],"fullName":"WB-STATE-08: Reset & rehydration clear all transient state manually resetting the store wipes transient flags","status":"passed","title":"manually resetting the store wipes transient flags","duration":4.426800000000185,"failureMessages":[],"meta":{},"tags":[]}],"startTime":1789090767697,"endTime":1789090767918.4268,"status":"passed","message":"","name":"C:/Users/gomez/repos/THESIS/v.a.m.s/tests/white-box/state-management.test.ts"}]}